<?xml version="1.0" encoding="UTF-8"?>
<testsuite name="com.minsu.springboot.web.PostsApiControllerTest" tests="2" skipped="0" failures="0" errors="0" timestamp="2020-08-31T10:41:00" hostname="DESKTOP-9RD3H0Q" time="0.077">
  <properties/>
  <testcase name="Posts_등록된다" classname="com.minsu.springboot.web.PostsApiControllerTest" time="0.055"/>
  <testcase name="Posts_수정된다" classname="com.minsu.springboot.web.PostsApiControllerTest" time="0.021"/>
  <system-out><![CDATA[2020-08-31 19:41:00.127  INFO 22112 --- [    Test worker] .b.t.c.SpringBootTestContextBootstrapper : Neither @ContextConfiguration nor @ContextHierarchy found for test class [com.minsu.springboot.web.PostsApiControllerTest], using SpringBootContextLoader
2020-08-31 19:41:00.128  INFO 22112 --- [    Test worker] o.s.t.c.support.AbstractContextLoader    : Could not detect default resource locations for test class [com.minsu.springboot.web.PostsApiControllerTest]: no resource found for suffixes {-context.xml, Context.groovy}.
2020-08-31 19:41:00.128  INFO 22112 --- [    Test worker] t.c.s.AnnotationConfigContextLoaderUtils : Could not detect default configuration classes for test class [com.minsu.springboot.web.PostsApiControllerTest]: PostsApiControllerTest does not declare any static, non-private, non-final, nested classes annotated with @Configuration.
2020-08-31 19:41:00.129  INFO 22112 --- [    Test worker] .b.t.c.SpringBootTestContextBootstrapper : Found @SpringBootConfiguration com.minsu.springboot.Application for test class com.minsu.springboot.web.PostsApiControllerTest
2020-08-31 19:41:00.130  INFO 22112 --- [    Test worker] .b.t.c.SpringBootTestContextBootstrapper : Loaded default TestExecutionListener class names from location [META-INF/spring.factories]: [org.springframework.security.test.context.support.WithSecurityContextTestExecutionListener, org.springframework.security.test.context.support.ReactorContextTestExecutionListener, org.springframework.boot.test.autoconfigure.restdocs.RestDocsTestExecutionListener, org.springframework.boot.test.autoconfigure.web.client.MockRestServiceServerResetTestExecutionListener, org.springframework.boot.test.autoconfigure.web.servlet.MockMvcPrintOnlyOnFailureTestExecutionListener, org.springframework.boot.test.autoconfigure.web.servlet.WebDriverTestExecutionListener, org.springframework.boot.test.mock.mockito.MockitoTestExecutionListener, org.springframework.boot.test.mock.mockito.ResetMocksTestExecutionListener, org.springframework.test.context.web.ServletTestExecutionListener, org.springframework.test.context.support.DirtiesContextBeforeModesTestExecutionListener, org.springframework.test.context.support.DependencyInjectionTestExecutionListener, org.springframework.test.context.support.DirtiesContextTestExecutionListener, org.springframework.test.context.transaction.TransactionalTestExecutionListener, org.springframework.test.context.jdbc.SqlScriptsTestExecutionListener]
2020-08-31 19:41:00.131  INFO 22112 --- [    Test worker] .b.t.c.SpringBootTestContextBootstrapper : Using TestExecutionListeners: [org.springframework.test.context.web.ServletTestExecutionListener@3b9d2f65, org.springframework.test.context.support.DirtiesContextBeforeModesTestExecutionListener@59f4b22c, org.springframework.boot.test.mock.mockito.MockitoTestExecutionListener@380b6111, org.springframework.boot.test.autoconfigure.SpringBootDependencyInjectionTestExecutionListener@1eae5d6c, org.springframework.test.context.support.DirtiesContextTestExecutionListener@4c9aafdb, org.springframework.test.context.transaction.TransactionalTestExecutionListener@308311b6, org.springframework.test.context.jdbc.SqlScriptsTestExecutionListener@5363fd5e, org.springframework.security.test.context.support.WithSecurityContextTestExecutionListener@3fca9f63, org.springframework.security.test.context.support.ReactorContextTestExecutionListener@26b70b36, org.springframework.boot.test.autoconfigure.restdocs.RestDocsTestExecutionListener@e91b0f7, org.springframework.boot.test.autoconfigure.web.client.MockRestServiceServerResetTestExecutionListener@42d42576, org.springframework.boot.test.autoconfigure.web.servlet.MockMvcPrintOnlyOnFailureTestExecutionListener@298e9bc8, org.springframework.boot.test.autoconfigure.web.servlet.WebDriverTestExecutionListener@377ecb74, org.springframework.boot.test.mock.mockito.ResetMocksTestExecutionListener@346bd364]
2020-08-31 19:41:00.139  INFO 22112 --- [    Test worker] o.a.c.c.C.[Tomcat].[localhost].[/]       : Initializing Spring TestDispatcherServlet ''
2020-08-31 19:41:00.139  INFO 22112 --- [    Test worker] o.s.t.web.servlet.TestDispatcherServlet  : Initializing Servlet ''
2020-08-31 19:41:00.140  INFO 22112 --- [    Test worker] o.s.t.web.servlet.TestDispatcherServlet  : Completed initialization in 1 ms
Hibernate: insert into posts (created_date, modified_date, author, content, title) values (?, ?, ?, ?, ?)
Hibernate: select posts0_.id as id1_0_, posts0_.created_date as created_2_0_, posts0_.modified_date as modified3_0_, posts0_.author as author4_0_, posts0_.content as content5_0_, posts0_.title as title6_0_ from posts posts0_
Hibernate: select posts0_.id as id1_0_, posts0_.created_date as created_2_0_, posts0_.modified_date as modified3_0_, posts0_.author as author4_0_, posts0_.content as content5_0_, posts0_.title as title6_0_ from posts posts0_
Hibernate: delete from posts where id=?
2020-08-31 19:41:00.190  INFO 22112 --- [    Test worker] o.a.c.c.C.[Tomcat].[localhost].[/]       : Initializing Spring TestDispatcherServlet ''
2020-08-31 19:41:00.191  INFO 22112 --- [    Test worker] o.s.t.web.servlet.TestDispatcherServlet  : Initializing Servlet ''
2020-08-31 19:41:00.192  INFO 22112 --- [    Test worker] o.s.t.web.servlet.TestDispatcherServlet  : Completed initialization in 1 ms
Hibernate: insert into posts (created_date, modified_date, author, content, title) values (?, ?, ?, ?, ?)
Hibernate: select posts0_.id as id1_0_0_, posts0_.created_date as created_2_0_0_, posts0_.modified_date as modified3_0_0_, posts0_.author as author4_0_0_, posts0_.content as content5_0_0_, posts0_.title as title6_0_0_ from posts posts0_ where posts0_.id=?
Hibernate: update posts set created_date=?, modified_date=?, author=?, content=?, title=? where id=?
Hibernate: select posts0_.id as id1_0_, posts0_.created_date as created_2_0_, posts0_.modified_date as modified3_0_, posts0_.author as author4_0_, posts0_.content as content5_0_, posts0_.title as title6_0_ from posts posts0_
Hibernate: select posts0_.id as id1_0_, posts0_.created_date as created_2_0_, posts0_.modified_date as modified3_0_, posts0_.author as author4_0_, posts0_.content as content5_0_, posts0_.title as title6_0_ from posts posts0_
Hibernate: delete from posts where id=?
]]></system-out>
  <system-err><![CDATA[]]></system-err>
</testsuite>
