<?xml version="1.0" encoding="UTF-8"?>
<testsuite name="com.minsu.springboot.web.HelloControllerTest" tests="2" skipped="0" failures="0" errors="0" timestamp="2020-08-29T16:53:36" hostname="DESKTOP-9RD3H0Q" time="0.124">
  <properties/>
  <testcase name="hello가_리턴" classname="com.minsu.springboot.web.HelloControllerTest" time="0.053"/>
  <testcase name="helloDto가_리턴" classname="com.minsu.springboot.web.HelloControllerTest" time="0.071"/>
  <system-out><![CDATA[2020-08-30 01:53:35.657  INFO 6920 --- [    Test worker] .b.t.a.w.s.WebMvcTestContextBootstrapper : Neither @ContextConfiguration nor @ContextHierarchy found for test class [com.minsu.springboot.web.HelloControllerTest], using SpringBootContextLoader
2020-08-30 01:53:35.658  INFO 6920 --- [    Test worker] o.s.t.c.support.AbstractContextLoader    : Could not detect default resource locations for test class [com.minsu.springboot.web.HelloControllerTest]: no resource found for suffixes {-context.xml, Context.groovy}.
2020-08-30 01:53:35.659  INFO 6920 --- [    Test worker] t.c.s.AnnotationConfigContextLoaderUtils : Could not detect default configuration classes for test class [com.minsu.springboot.web.HelloControllerTest]: HelloControllerTest does not declare any static, non-private, non-final, nested classes annotated with @Configuration.
2020-08-30 01:53:35.681  INFO 6920 --- [    Test worker] .b.t.c.SpringBootTestContextBootstrapper : Found @SpringBootConfiguration com.minsu.springboot.Application for test class com.minsu.springboot.web.HelloControllerTest
2020-08-30 01:53:35.681  INFO 6920 --- [    Test worker] .b.t.a.w.s.WebMvcTestContextBootstrapper : Loaded default TestExecutionListener class names from location [META-INF/spring.factories]: [org.springframework.security.test.context.support.WithSecurityContextTestExecutionListener, org.springframework.security.test.context.support.ReactorContextTestExecutionListener, org.springframework.boot.test.autoconfigure.restdocs.RestDocsTestExecutionListener, org.springframework.boot.test.autoconfigure.web.client.MockRestServiceServerResetTestExecutionListener, org.springframework.boot.test.autoconfigure.web.servlet.MockMvcPrintOnlyOnFailureTestExecutionListener, org.springframework.boot.test.autoconfigure.web.servlet.WebDriverTestExecutionListener, org.springframework.boot.test.mock.mockito.MockitoTestExecutionListener, org.springframework.boot.test.mock.mockito.ResetMocksTestExecutionListener, org.springframework.test.context.web.ServletTestExecutionListener, org.springframework.test.context.support.DirtiesContextBeforeModesTestExecutionListener, org.springframework.test.context.support.DependencyInjectionTestExecutionListener, org.springframework.test.context.support.DirtiesContextTestExecutionListener, org.springframework.test.context.transaction.TransactionalTestExecutionListener, org.springframework.test.context.jdbc.SqlScriptsTestExecutionListener]
2020-08-30 01:53:35.682  INFO 6920 --- [    Test worker] .b.t.a.w.s.WebMvcTestContextBootstrapper : Using TestExecutionListeners: [org.springframework.test.context.web.ServletTestExecutionListener@6044d59f, org.springframework.test.context.support.DirtiesContextBeforeModesTestExecutionListener@3dd2a842, org.springframework.boot.test.mock.mockito.MockitoTestExecutionListener@5d5c94b6, org.springframework.boot.test.autoconfigure.SpringBootDependencyInjectionTestExecutionListener@6a885f52, org.springframework.test.context.support.DirtiesContextTestExecutionListener@2c2697b1, org.springframework.test.context.transaction.TransactionalTestExecutionListener@41ebacf, org.springframework.test.context.jdbc.SqlScriptsTestExecutionListener@3dde77de, org.springframework.security.test.context.support.WithSecurityContextTestExecutionListener@1584ddf8, org.springframework.security.test.context.support.ReactorContextTestExecutionListener@d074be6, org.springframework.boot.test.autoconfigure.restdocs.RestDocsTestExecutionListener@7cbe504b, org.springframework.boot.test.autoconfigure.web.client.MockRestServiceServerResetTestExecutionListener@3290a885, org.springframework.boot.test.autoconfigure.web.servlet.MockMvcPrintOnlyOnFailureTestExecutionListener@148c832, org.springframework.boot.test.autoconfigure.web.servlet.WebDriverTestExecutionListener@36a7eb86, org.springframework.boot.test.mock.mockito.ResetMocksTestExecutionListener@3895c911]

  .   ____          _            __ _ _
 /\\ / ___'_ __ _ _(_)_ __  __ _ \ \ \ \
( ( )\___ | '_ | '_| | '_ \/ _` | \ \ \ \
 \\/  ___)| |_)| | | | | || (_| |  ) ) ) )
  '  |____| .__|_| |_|_| |_\__, | / / / /
 =========|_|==============|___/=/_/_/_/
 :: Spring Boot ::        (v2.1.7.RELEASE)

2020-08-30 01:53:35.712  INFO 6920 --- [    Test worker] c.m.springboot.web.HelloControllerTest   : Starting HelloControllerTest on DESKTOP-9RD3H0Q with PID 6920 (started by azure in C:\Project\my-webservice)
2020-08-30 01:53:35.713  INFO 6920 --- [    Test worker] c.m.springboot.web.HelloControllerTest   : No active profile set, falling back to default profiles: default
2020-08-30 01:53:36.121  INFO 6920 --- [    Test worker] o.s.s.concurrent.ThreadPoolTaskExecutor  : Initializing ExecutorService 'applicationTaskExecutor'
2020-08-30 01:53:36.151  INFO 6920 --- [    Test worker] o.s.b.a.w.s.WelcomePageHandlerMapping    : Adding welcome page template: index
2020-08-30 01:53:36.348  INFO 6920 --- [    Test worker] .s.s.UserDetailsServiceAutoConfiguration : 

Using generated security password: 7df062be-da44-474e-8157-4f8d861e9157

2020-08-30 01:53:36.484  INFO 6920 --- [    Test worker] o.s.s.web.DefaultSecurityFilterChain     : Creating filter chain: any request, [org.springframework.security.web.context.request.async.WebAsyncManagerIntegrationFilter@5daa7b2e, org.springframework.security.web.context.SecurityContextPersistenceFilter@40f58dc7, org.springframework.security.web.header.HeaderWriterFilter@4c0c894c, org.springframework.security.web.csrf.CsrfFilter@7d4ff54c, org.springframework.security.web.authentication.logout.LogoutFilter@6483cc78, org.springframework.security.web.authentication.UsernamePasswordAuthenticationFilter@9a77336, org.springframework.security.web.authentication.ui.DefaultLoginPageGeneratingFilter@55d6c283, org.springframework.security.web.authentication.ui.DefaultLogoutPageGeneratingFilter@7e746ce1, org.springframework.security.web.authentication.www.BasicAuthenticationFilter@1cbd41a8, org.springframework.security.web.savedrequest.RequestCacheAwareFilter@6cc2d36f, org.springframework.security.web.servletapi.SecurityContextHolderAwareRequestFilter@44ac7152, org.springframework.security.web.authentication.AnonymousAuthenticationFilter@8b2c286, org.springframework.security.web.session.SessionManagementFilter@4e6bf014, org.springframework.security.web.access.ExceptionTranslationFilter@8b495fb, org.springframework.security.web.access.intercept.FilterSecurityInterceptor@1851c7dd]
2020-08-30 01:53:36.512  INFO 6920 --- [    Test worker] o.s.b.t.m.w.SpringBootMockServletContext : Initializing Spring TestDispatcherServlet ''
2020-08-30 01:53:36.512  INFO 6920 --- [    Test worker] o.s.t.web.servlet.TestDispatcherServlet  : Initializing Servlet ''
2020-08-30 01:53:36.522  INFO 6920 --- [    Test worker] o.s.t.web.servlet.TestDispatcherServlet  : Completed initialization in 10 ms
2020-08-30 01:53:36.544  INFO 6920 --- [    Test worker] c.m.springboot.web.HelloControllerTest   : Started HelloControllerTest in 0.86 seconds (JVM running for 7.727)
]]></system-out>
  <system-err><![CDATA[]]></system-err>
</testsuite>
