<?xml version="1.0" encoding="UTF-8"?>
<testsuite name="com.minsu.springboot.web.ProfileControllerTest" tests="1" skipped="0" failures="0" errors="0" timestamp="2020-08-31T08:47:51" hostname="DESKTOP-9RD3H0Q" time="0.275">
  <properties/>
  <testcase name="profile은_인증없이_호출된다" classname="com.minsu.springboot.web.ProfileControllerTest" time="0.275"/>
  <system-out><![CDATA[17:47:45.684 [Test worker] DEBUG org.springframework.test.context.junit4.SpringJUnit4ClassRunner - SpringJUnit4ClassRunner constructor called with [class com.minsu.springboot.web.ProfileControllerTest]
17:47:45.691 [Test worker] DEBUG org.springframework.test.context.BootstrapUtils - Instantiating CacheAwareContextLoaderDelegate from class [org.springframework.test.context.cache.DefaultCacheAwareContextLoaderDelegate]
17:47:45.699 [Test worker] DEBUG org.springframework.test.context.BootstrapUtils - Instantiating BootstrapContext using constructor [public org.springframework.test.context.support.DefaultBootstrapContext(java.lang.Class,org.springframework.test.context.CacheAwareContextLoaderDelegate)]
17:47:45.713 [Test worker] DEBUG org.springframework.test.context.BootstrapUtils - Instantiating TestContextBootstrapper for test class [com.minsu.springboot.web.ProfileControllerTest] from class [org.springframework.boot.test.context.SpringBootTestContextBootstrapper]
17:47:45.725 [Test worker] INFO org.springframework.boot.test.context.SpringBootTestContextBootstrapper - Neither @ContextConfiguration nor @ContextHierarchy found for test class [com.minsu.springboot.web.ProfileControllerTest], using SpringBootContextLoader
17:47:45.728 [Test worker] DEBUG org.springframework.test.context.support.AbstractContextLoader - Did not detect default resource location for test class [com.minsu.springboot.web.ProfileControllerTest]: class path resource [com/minsu/springboot/web/ProfileControllerTest-context.xml] does not exist
17:47:45.729 [Test worker] DEBUG org.springframework.test.context.support.AbstractContextLoader - Did not detect default resource location for test class [com.minsu.springboot.web.ProfileControllerTest]: class path resource [com/minsu/springboot/web/ProfileControllerTestContext.groovy] does not exist
17:47:45.729 [Test worker] INFO org.springframework.test.context.support.AbstractContextLoader - Could not detect default resource locations for test class [com.minsu.springboot.web.ProfileControllerTest]: no resource found for suffixes {-context.xml, Context.groovy}.
17:47:45.729 [Test worker] INFO org.springframework.test.context.support.AnnotationConfigContextLoaderUtils - Could not detect default configuration classes for test class [com.minsu.springboot.web.ProfileControllerTest]: ProfileControllerTest does not declare any static, non-private, non-final, nested classes annotated with @Configuration.
17:47:45.766 [Test worker] DEBUG org.springframework.test.context.support.ActiveProfilesUtils - Could not find an 'annotation declaring class' for annotation type [org.springframework.test.context.ActiveProfiles] and class [com.minsu.springboot.web.ProfileControllerTest]
17:47:45.858 [Test worker] DEBUG org.springframework.context.annotation.ClassPathScanningCandidateComponentProvider - Identified candidate component class: file [C:\Project\my-webservice\build\classes\java\main\com\minsu\springboot\Application.class]
17:47:45.860 [Test worker] INFO org.springframework.boot.test.context.SpringBootTestContextBootstrapper - Found @SpringBootConfiguration com.minsu.springboot.Application for test class com.minsu.springboot.web.ProfileControllerTest
17:47:45.956 [Test worker] DEBUG org.springframework.boot.test.context.SpringBootTestContextBootstrapper - @TestExecutionListeners is not present for class [com.minsu.springboot.web.ProfileControllerTest]: using defaults.
17:47:45.956 [Test worker] INFO org.springframework.boot.test.context.SpringBootTestContextBootstrapper - Loaded default TestExecutionListener class names from location [META-INF/spring.factories]: [org.springframework.security.test.context.support.WithSecurityContextTestExecutionListener, org.springframework.security.test.context.support.ReactorContextTestExecutionListener, org.springframework.boot.test.autoconfigure.restdocs.RestDocsTestExecutionListener, org.springframework.boot.test.autoconfigure.web.client.MockRestServiceServerResetTestExecutionListener, org.springframework.boot.test.autoconfigure.web.servlet.MockMvcPrintOnlyOnFailureTestExecutionListener, org.springframework.boot.test.autoconfigure.web.servlet.WebDriverTestExecutionListener, org.springframework.boot.test.mock.mockito.MockitoTestExecutionListener, org.springframework.boot.test.mock.mockito.ResetMocksTestExecutionListener, org.springframework.test.context.web.ServletTestExecutionListener, org.springframework.test.context.support.DirtiesContextBeforeModesTestExecutionListener, org.springframework.test.context.support.DependencyInjectionTestExecutionListener, org.springframework.test.context.support.DirtiesContextTestExecutionListener, org.springframework.test.context.transaction.TransactionalTestExecutionListener, org.springframework.test.context.jdbc.SqlScriptsTestExecutionListener]
17:47:45.978 [Test worker] INFO org.springframework.boot.test.context.SpringBootTestContextBootstrapper - Using TestExecutionListeners: [org.springframework.test.context.web.ServletTestExecutionListener@2a5de803, org.springframework.test.context.support.DirtiesContextBeforeModesTestExecutionListener@15f7017a, org.springframework.boot.test.mock.mockito.MockitoTestExecutionListener@22388222, org.springframework.boot.test.autoconfigure.SpringBootDependencyInjectionTestExecutionListener@4f84667e, org.springframework.test.context.support.DirtiesContextTestExecutionListener@adc927d, org.springframework.test.context.transaction.TransactionalTestExecutionListener@278dae8d, org.springframework.test.context.jdbc.SqlScriptsTestExecutionListener@414211cc, org.springframework.security.test.context.support.WithSecurityContextTestExecutionListener@2d19280c, org.springframework.security.test.context.support.ReactorContextTestExecutionListener@433818a8, org.springframework.boot.test.autoconfigure.restdocs.RestDocsTestExecutionListener@98b2f84, org.springframework.boot.test.autoconfigure.web.client.MockRestServiceServerResetTestExecutionListener@58969308, org.springframework.boot.test.autoconfigure.web.servlet.MockMvcPrintOnlyOnFailureTestExecutionListener@3c2b995e, org.springframework.boot.test.autoconfigure.web.servlet.WebDriverTestExecutionListener@3f553b2b, org.springframework.boot.test.mock.mockito.ResetMocksTestExecutionListener@6ff2d44a]
17:47:45.981 [Test worker] DEBUG org.springframework.test.annotation.ProfileValueUtils - Retrieved @ProfileValueSourceConfiguration [null] for test class [com.minsu.springboot.web.ProfileControllerTest]
17:47:45.981 [Test worker] DEBUG org.springframework.test.annotation.ProfileValueUtils - Retrieved ProfileValueSource type [class org.springframework.test.annotation.SystemProfileValueSource] for class [com.minsu.springboot.web.ProfileControllerTest]
17:47:45.984 [Test worker] DEBUG org.springframework.test.annotation.ProfileValueUtils - Retrieved @ProfileValueSourceConfiguration [null] for test class [com.minsu.springboot.web.ProfileControllerTest]
17:47:45.984 [Test worker] DEBUG org.springframework.test.annotation.ProfileValueUtils - Retrieved ProfileValueSource type [class org.springframework.test.annotation.SystemProfileValueSource] for class [com.minsu.springboot.web.ProfileControllerTest]
17:47:45.984 [Test worker] DEBUG org.springframework.test.annotation.ProfileValueUtils - Retrieved @ProfileValueSourceConfiguration [null] for test class [com.minsu.springboot.web.ProfileControllerTest]
17:47:45.984 [Test worker] DEBUG org.springframework.test.annotation.ProfileValueUtils - Retrieved ProfileValueSource type [class org.springframework.test.annotation.SystemProfileValueSource] for class [com.minsu.springboot.web.ProfileControllerTest]
17:47:45.988 [Test worker] DEBUG org.springframework.test.context.support.AbstractDirtiesContextTestExecutionListener - Before test class: context [DefaultTestContext@284f29f testClass = ProfileControllerTest, testInstance = [null], testMethod = [null], testException = [null], mergedContextConfiguration = [WebMergedContextConfiguration@19f1723c testClass = ProfileControllerTest, locations = '{}', classes = '{class com.minsu.springboot.Application}', contextInitializerClasses = '[]', activeProfiles = '{}', propertySourceLocations = '{}', propertySourceProperties = '{org.springframework.boot.test.context.SpringBootTestContextBootstrapper=true, server.port=0}', contextCustomizers = set[org.springframework.boot.test.autoconfigure.properties.PropertyMappingContextCustomizer@0, org.springframework.boot.test.autoconfigure.web.servlet.WebDriverContextCustomizerFactory$Customizer@1cb95236, org.springframework.boot.test.context.filter.ExcludeFilterContextCustomizer@548a4292, org.springframework.boot.test.json.DuplicateJsonObjectContextCustomizerFactory$DuplicateJsonObjectContextCustomizer@5aeb2940, org.springframework.boot.test.mock.mockito.MockitoContextCustomizer@0, org.springframework.boot.test.web.client.TestRestTemplateContextCustomizer@5ff25dd8], resourceBasePath = 'src/main/webapp', contextLoader = 'org.springframework.boot.test.context.SpringBootContextLoader', parent = [null]], attributes = map['org.springframework.test.context.web.ServletTestExecutionListener.activateListener' -> false]], class annotated with @DirtiesContext [false] with mode [null].
17:47:45.989 [Test worker] DEBUG org.springframework.test.annotation.ProfileValueUtils - Retrieved @ProfileValueSourceConfiguration [null] for test class [com.minsu.springboot.web.ProfileControllerTest]
17:47:45.989 [Test worker] DEBUG org.springframework.test.annotation.ProfileValueUtils - Retrieved ProfileValueSource type [class org.springframework.test.annotation.SystemProfileValueSource] for class [com.minsu.springboot.web.ProfileControllerTest]
17:47:45.992 [Test worker] DEBUG org.springframework.test.context.support.DependencyInjectionTestExecutionListener - Performing dependency injection for test context [[DefaultTestContext@284f29f testClass = ProfileControllerTest, testInstance = com.minsu.springboot.web.ProfileControllerTest@50117585, testMethod = [null], testException = [null], mergedContextConfiguration = [WebMergedContextConfiguration@19f1723c testClass = ProfileControllerTest, locations = '{}', classes = '{class com.minsu.springboot.Application}', contextInitializerClasses = '[]', activeProfiles = '{}', propertySourceLocations = '{}', propertySourceProperties = '{org.springframework.boot.test.context.SpringBootTestContextBootstrapper=true, server.port=0}', contextCustomizers = set[org.springframework.boot.test.autoconfigure.properties.PropertyMappingContextCustomizer@0, org.springframework.boot.test.autoconfigure.web.servlet.WebDriverContextCustomizerFactory$Customizer@1cb95236, org.springframework.boot.test.context.filter.ExcludeFilterContextCustomizer@548a4292, org.springframework.boot.test.json.DuplicateJsonObjectContextCustomizerFactory$DuplicateJsonObjectContextCustomizer@5aeb2940, org.springframework.boot.test.mock.mockito.MockitoContextCustomizer@0, org.springframework.boot.test.web.client.TestRestTemplateContextCustomizer@5ff25dd8], resourceBasePath = 'src/main/webapp', contextLoader = 'org.springframework.boot.test.context.SpringBootContextLoader', parent = [null]], attributes = map['org.springframework.test.context.web.ServletTestExecutionListener.activateListener' -> false]]].
17:47:46.011 [Test worker] DEBUG org.springframework.test.context.support.TestPropertySourceUtils - Adding inlined properties to environment: {spring.jmx.enabled=false, org.springframework.boot.test.context.SpringBootTestContextBootstrapper=true, server.port=0}

  .   ____          _            __ _ _
 /\\ / ___'_ __ _ _(_)_ __  __ _ \ \ \ \
( ( )\___ | '_ | '_| | '_ \/ _` | \ \ \ \
 \\/  ___)| |_)| | | | | || (_| |  ) ) ) )
  '  |____| .__|_| |_|_| |_\__, | / / / /
 =========|_|==============|___/=/_/_/_/
 :: Spring Boot ::        (v2.1.7.RELEASE)

2020-08-31 17:47:46.245  INFO 7680 --- [    Test worker] c.m.s.web.ProfileControllerTest          : Starting ProfileControllerTest on DESKTOP-9RD3H0Q with PID 7680 (started by azure in C:\Project\my-webservice)
2020-08-31 17:47:46.246  INFO 7680 --- [    Test worker] c.m.s.web.ProfileControllerTest          : No active profile set, falling back to default profiles: default
2020-08-31 17:47:46.954  INFO 7680 --- [    Test worker] .s.d.r.c.RepositoryConfigurationDelegate : Bootstrapping Spring Data repositories in DEFAULT mode.
2020-08-31 17:47:47.041  INFO 7680 --- [    Test worker] .s.d.r.c.RepositoryConfigurationDelegate : Finished Spring Data repository scanning in 78ms. Found 2 repository interfaces.
2020-08-31 17:47:47.455  INFO 7680 --- [    Test worker] trationDelegate$BeanPostProcessorChecker : Bean 'org.springframework.transaction.annotation.ProxyTransactionManagementConfiguration' of type [org.springframework.transaction.annotation.ProxyTransactionManagementConfiguration$$EnhancerBySpringCGLIB$$80fa7bd8] is not eligible for getting processed by all BeanPostProcessors (for example: not eligible for auto-proxying)
2020-08-31 17:47:47.809  INFO 7680 --- [    Test worker] o.s.b.w.embedded.tomcat.TomcatWebServer  : Tomcat initialized with port(s): 0 (http)
2020-08-31 17:47:47.831  INFO 7680 --- [    Test worker] o.apache.catalina.core.StandardService   : Starting service [Tomcat]
2020-08-31 17:47:47.831  INFO 7680 --- [    Test worker] org.apache.catalina.core.StandardEngine  : Starting Servlet engine: [Apache Tomcat/9.0.22]
2020-08-31 17:47:47.975  INFO 7680 --- [    Test worker] o.a.c.c.C.[Tomcat].[localhost].[/]       : Initializing Spring embedded WebApplicationContext
2020-08-31 17:47:47.975  INFO 7680 --- [    Test worker] o.s.web.context.ContextLoader            : Root WebApplicationContext: initialization completed in 1705 ms
2020-08-31 17:47:48.252  INFO 7680 --- [    Test worker] com.zaxxer.hikari.HikariDataSource       : HikariPool-1 - Starting...
2020-08-31 17:47:48.417  INFO 7680 --- [    Test worker] com.zaxxer.hikari.HikariDataSource       : HikariPool-1 - Start completed.
2020-08-31 17:47:48.526  INFO 7680 --- [    Test worker] o.hibernate.jpa.internal.util.LogHelper  : HHH000204: Processing PersistenceUnitInfo [
	name: default
	...]
2020-08-31 17:47:48.622  INFO 7680 --- [    Test worker] org.hibernate.Version                    : HHH000412: Hibernate Core {5.3.10.Final}
2020-08-31 17:47:48.624  INFO 7680 --- [    Test worker] org.hibernate.cfg.Environment            : HHH000206: hibernate.properties not found
2020-08-31 17:47:48.817  INFO 7680 --- [    Test worker] o.hibernate.annotations.common.Version   : HCANN000001: Hibernate Commons Annotations {5.0.4.Final}
2020-08-31 17:47:48.995  INFO 7680 --- [    Test worker] org.hibernate.dialect.Dialect            : HHH000400: Using dialect: org.hibernate.dialect.MySQL5InnoDBDialect
Hibernate: drop table if exists posts
Hibernate: drop table if exists user
Hibernate: create table posts (id bigint not null auto_increment, created_date datetime, modified_date datetime, author varchar(255), content TEXT not null, title varchar(500) not null, primary key (id)) engine=InnoDB
Hibernate: create table user (id bigint not null auto_increment, email varchar(255) not null, name varchar(255) not null, picture varchar(255), role varchar(255) not null, primary key (id)) engine=InnoDB
2020-08-31 17:47:49.693  INFO 7680 --- [    Test worker] o.h.t.schema.internal.SchemaCreatorImpl  : HHH000476: Executing import script 'org.hibernate.tool.schema.internal.exec.ScriptSourceInputNonExistentImpl@312bc26d'
2020-08-31 17:47:49.697  INFO 7680 --- [    Test worker] j.LocalContainerEntityManagerFactoryBean : Initialized JPA EntityManagerFactory for persistence unit 'default'
2020-08-31 17:47:50.475  INFO 7680 --- [    Test worker] o.h.h.i.QueryTranslatorFactoryInitiator  : HHH000397: Using ASTQueryTranslatorFactory
2020-08-31 17:47:50.933  INFO 7680 --- [    Test worker] o.s.s.web.DefaultSecurityFilterChain     : Creating filter chain: any request, [org.springframework.security.web.context.request.async.WebAsyncManagerIntegrationFilter@b5f8fcb, org.springframework.security.web.context.SecurityContextPersistenceFilter@5d27f040, org.springframework.security.web.header.HeaderWriterFilter@61c33d9, org.springframework.security.web.authentication.logout.LogoutFilter@51e97a3, org.springframework.security.oauth2.client.web.OAuth2AuthorizationRequestRedirectFilter@63abed78, org.springframework.security.oauth2.client.web.OAuth2LoginAuthenticationFilter@4d490f19, org.springframework.security.web.authentication.ui.DefaultLoginPageGeneratingFilter@57fe4e8a, org.springframework.security.web.authentication.ui.DefaultLogoutPageGeneratingFilter@14ac370d, org.springframework.security.web.savedrequest.RequestCacheAwareFilter@722a9541, org.springframework.security.web.servletapi.SecurityContextHolderAwareRequestFilter@7a2eb476, org.springframework.security.web.authentication.AnonymousAuthenticationFilter@45d5e2a2, org.springframework.security.web.session.SessionManagementFilter@6b46cc0e, org.springframework.security.web.access.ExceptionTranslationFilter@216883a0, org.springframework.security.web.access.intercept.FilterSecurityInterceptor@2319a88e]
2020-08-31 17:47:51.275  INFO 7680 --- [    Test worker] o.s.s.concurrent.ThreadPoolTaskExecutor  : Initializing ExecutorService 'applicationTaskExecutor'
2020-08-31 17:47:51.333  WARN 7680 --- [    Test worker] aWebConfiguration$JpaWebMvcConfiguration : spring.jpa.open-in-view is enabled by default. Therefore, database queries may be performed during view rendering. Explicitly configure spring.jpa.open-in-view to disable this warning
2020-08-31 17:47:51.389  INFO 7680 --- [    Test worker] o.s.b.a.w.s.WelcomePageHandlerMapping    : Adding welcome page template: index
2020-08-31 17:47:51.782  INFO 7680 --- [    Test worker] s.a.ScheduledAnnotationBeanPostProcessor : No TaskScheduler/ScheduledExecutorService bean found for scheduled processing
2020-08-31 17:47:51.805  INFO 7680 --- [    Test worker] o.s.b.w.embedded.tomcat.TomcatWebServer  : Tomcat started on port(s): 52322 (http) with context path ''
2020-08-31 17:47:51.806  INFO 7680 --- [    Test worker] c.m.s.web.ProfileControllerTest          : Started ProfileControllerTest in 5.793 seconds (JVM running for 7.052)
2020-08-31 17:47:51.955  INFO 7680 --- [o-auto-1-exec-1] o.a.c.c.C.[Tomcat].[localhost].[/]       : Initializing Spring DispatcherServlet 'dispatcherServlet'
2020-08-31 17:47:51.955  INFO 7680 --- [o-auto-1-exec-1] o.s.web.servlet.DispatcherServlet        : Initializing Servlet 'dispatcherServlet'
2020-08-31 17:47:51.976  INFO 7680 --- [o-auto-1-exec-1] o.s.web.servlet.DispatcherServlet        : Completed initialization in 20 ms
]]></system-out>
  <system-err><![CDATA[]]></system-err>
</testsuite>
