<?xml version="1.0" encoding="UTF-8"?>
<testsuite name="com.minsu.springboot.web.HelloControllerTest" tests="2" skipped="0" failures="0" errors="0" timestamp="2020-09-09T14:42:57" hostname="DESKTOP-9RD3H0Q" time="0.131">
  <properties/>
  <testcase name="hello가_리턴" classname="com.minsu.springboot.web.HelloControllerTest" time="0.059"/>
  <testcase name="helloDto가_리턴" classname="com.minsu.springboot.web.HelloControllerTest" time="0.072"/>
  <system-out><![CDATA[2020-09-09 23:42:57.049  INFO 14028 --- [    Test worker] .b.t.a.w.s.WebMvcTestContextBootstrapper : Neither @ContextConfiguration nor @ContextHierarchy found for test class [com.minsu.springboot.web.HelloControllerTest], using SpringBootContextLoader
2020-09-09 23:42:57.050  INFO 14028 --- [    Test worker] o.s.t.c.support.AbstractContextLoader    : Could not detect default resource locations for test class [com.minsu.springboot.web.HelloControllerTest]: no resource found for suffixes {-context.xml, Context.groovy}.
2020-09-09 23:42:57.051  INFO 14028 --- [    Test worker] t.c.s.AnnotationConfigContextLoaderUtils : Could not detect default configuration classes for test class [com.minsu.springboot.web.HelloControllerTest]: HelloControllerTest does not declare any static, non-private, non-final, nested classes annotated with @Configuration.
2020-09-09 23:42:57.074  INFO 14028 --- [    Test worker] .b.t.c.SpringBootTestContextBootstrapper : Found @SpringBootConfiguration com.minsu.springboot.Application for test class com.minsu.springboot.web.HelloControllerTest
2020-09-09 23:42:57.075  INFO 14028 --- [    Test worker] .b.t.a.w.s.WebMvcTestContextBootstrapper : Loaded default TestExecutionListener class names from location [META-INF/spring.factories]: [org.springframework.security.test.context.support.WithSecurityContextTestExecutionListener, org.springframework.security.test.context.support.ReactorContextTestExecutionListener, org.springframework.boot.test.autoconfigure.restdocs.RestDocsTestExecutionListener, org.springframework.boot.test.autoconfigure.web.client.MockRestServiceServerResetTestExecutionListener, org.springframework.boot.test.autoconfigure.web.servlet.MockMvcPrintOnlyOnFailureTestExecutionListener, org.springframework.boot.test.autoconfigure.web.servlet.WebDriverTestExecutionListener, org.springframework.boot.test.mock.mockito.MockitoTestExecutionListener, org.springframework.boot.test.mock.mockito.ResetMocksTestExecutionListener, org.springframework.test.context.web.ServletTestExecutionListener, org.springframework.test.context.support.DirtiesContextBeforeModesTestExecutionListener, org.springframework.test.context.support.DependencyInjectionTestExecutionListener, org.springframework.test.context.support.DirtiesContextTestExecutionListener, org.springframework.test.context.transaction.TransactionalTestExecutionListener, org.springframework.test.context.jdbc.SqlScriptsTestExecutionListener]
2020-09-09 23:42:57.075  INFO 14028 --- [    Test worker] .b.t.a.w.s.WebMvcTestContextBootstrapper : Using TestExecutionListeners: [org.springframework.test.context.web.ServletTestExecutionListener@578167a1, org.springframework.test.context.support.DirtiesContextBeforeModesTestExecutionListener@6c9cf1ed, org.springframework.boot.test.mock.mockito.MockitoTestExecutionListener@62fe4a26, org.springframework.boot.test.autoconfigure.SpringBootDependencyInjectionTestExecutionListener@743ca192, org.springframework.test.context.support.DirtiesContextTestExecutionListener@28dc7cdb, org.springframework.test.context.transaction.TransactionalTestExecutionListener@2344f3b4, org.springframework.test.context.jdbc.SqlScriptsTestExecutionListener@337b3280, org.springframework.security.test.context.support.WithSecurityContextTestExecutionListener@22da354c, org.springframework.security.test.context.support.ReactorContextTestExecutionListener@692bbf68, org.springframework.boot.test.autoconfigure.restdocs.RestDocsTestExecutionListener@6d7638aa, org.springframework.boot.test.autoconfigure.web.client.MockRestServiceServerResetTestExecutionListener@773f8b6, org.springframework.boot.test.autoconfigure.web.servlet.MockMvcPrintOnlyOnFailureTestExecutionListener@7470dd41, org.springframework.boot.test.autoconfigure.web.servlet.WebDriverTestExecutionListener@4094fc58, org.springframework.boot.test.mock.mockito.ResetMocksTestExecutionListener@1c7b2f88]

  .   ____          _            __ _ _
 /\\ / ___'_ __ _ _(_)_ __  __ _ \ \ \ \
( ( )\___ | '_ | '_| | '_ \/ _` | \ \ \ \
 \\/  ___)| |_)| | | | | || (_| |  ) ) ) )
  '  |____| .__|_| |_|_| |_\__, | / / / /
 =========|_|==============|___/=/_/_/_/
 :: Spring Boot ::        (v2.1.7.RELEASE)

2020-09-09 23:42:57.105  INFO 14028 --- [    Test worker] c.m.springboot.web.HelloControllerTest   : Starting HelloControllerTest on DESKTOP-9RD3H0Q with PID 14028 (started by azure in C:\Project\my-webservice)
2020-09-09 23:42:57.105  INFO 14028 --- [    Test worker] c.m.springboot.web.HelloControllerTest   : No active profile set, falling back to default profiles: default
2020-09-09 23:42:57.507  INFO 14028 --- [    Test worker] o.s.s.concurrent.ThreadPoolTaskExecutor  : Initializing ExecutorService 'applicationTaskExecutor'
2020-09-09 23:42:57.536  INFO 14028 --- [    Test worker] o.s.b.a.w.s.WelcomePageHandlerMapping    : Adding welcome page template: index
2020-09-09 23:42:57.734  INFO 14028 --- [    Test worker] .s.s.UserDetailsServiceAutoConfiguration : 

Using generated security password: 70d7cd0f-dcd4-4dde-8a56-d11488ffe037

2020-09-09 23:42:57.868  INFO 14028 --- [    Test worker] o.s.s.web.DefaultSecurityFilterChain     : Creating filter chain: any request, [org.springframework.security.web.context.request.async.WebAsyncManagerIntegrationFilter@4275465d, org.springframework.security.web.context.SecurityContextPersistenceFilter@8efa2d0, org.springframework.security.web.header.HeaderWriterFilter@5b5cbcaf, org.springframework.security.web.csrf.CsrfFilter@5daa7b2e, org.springframework.security.web.authentication.logout.LogoutFilter@3a64942, org.springframework.security.web.authentication.UsernamePasswordAuthenticationFilter@6e7e0a6a, org.springframework.security.web.authentication.ui.DefaultLoginPageGeneratingFilter@73559434, org.springframework.security.web.authentication.ui.DefaultLogoutPageGeneratingFilter@324c538a, org.springframework.security.web.authentication.www.BasicAuthenticationFilter@179c4ac8, org.springframework.security.web.savedrequest.RequestCacheAwareFilter@1657e7b9, org.springframework.security.web.servletapi.SecurityContextHolderAwareRequestFilter@28508818, org.springframework.security.web.authentication.AnonymousAuthenticationFilter@47739501, org.springframework.security.web.session.SessionManagementFilter@55a1cfe1, org.springframework.security.web.access.ExceptionTranslationFilter@8b2c286, org.springframework.security.web.access.intercept.FilterSecurityInterceptor@5e0aecb4]
2020-09-09 23:42:57.897  INFO 14028 --- [    Test worker] o.s.b.t.m.w.SpringBootMockServletContext : Initializing Spring TestDispatcherServlet ''
2020-09-09 23:42:57.897  INFO 14028 --- [    Test worker] o.s.t.web.servlet.TestDispatcherServlet  : Initializing Servlet ''
2020-09-09 23:42:57.908  INFO 14028 --- [    Test worker] o.s.t.web.servlet.TestDispatcherServlet  : Completed initialization in 11 ms
2020-09-09 23:42:57.933  INFO 14028 --- [    Test worker] c.m.springboot.web.HelloControllerTest   : Started HelloControllerTest in 0.856 seconds (JVM running for 7.642)
]]></system-out>
  <system-err><![CDATA[]]></system-err>
</testsuite>
