<?xml version="1.0" encoding="UTF-8"?>
<testsuite name="com.minsu.springboot.web.HelloControllerTest" tests="2" skipped="0" failures="0" errors="0" timestamp="2020-08-30T15:55:53" hostname="DESKTOP-9RD3H0Q" time="0.083">
  <properties/>
  <testcase name="hello가_리턴" classname="com.minsu.springboot.web.HelloControllerTest" time="0.022"/>
  <testcase name="helloDto가_리턴" classname="com.minsu.springboot.web.HelloControllerTest" time="0.06"/>
  <system-out><![CDATA[2020-08-31 00:55:52.784  INFO 21324 --- [    Test worker] .b.t.a.w.s.WebMvcTestContextBootstrapper : Neither @ContextConfiguration nor @ContextHierarchy found for test class [com.minsu.springboot.web.HelloControllerTest], using SpringBootContextLoader
2020-08-31 00:55:52.784  INFO 21324 --- [    Test worker] o.s.t.c.support.AbstractContextLoader    : Could not detect default resource locations for test class [com.minsu.springboot.web.HelloControllerTest]: no resource found for suffixes {-context.xml, Context.groovy}.
2020-08-31 00:55:52.785  INFO 21324 --- [    Test worker] t.c.s.AnnotationConfigContextLoaderUtils : Could not detect default configuration classes for test class [com.minsu.springboot.web.HelloControllerTest]: HelloControllerTest does not declare any static, non-private, non-final, nested classes annotated with @Configuration.
2020-08-31 00:55:52.795  INFO 21324 --- [    Test worker] .b.t.c.SpringBootTestContextBootstrapper : Found @SpringBootConfiguration com.minsu.springboot.Application for test class com.minsu.springboot.web.HelloControllerTest
2020-08-31 00:55:52.795  INFO 21324 --- [    Test worker] .b.t.a.w.s.WebMvcTestContextBootstrapper : Loaded default TestExecutionListener class names from location [META-INF/spring.factories]: [org.springframework.security.test.context.support.WithSecurityContextTestExecutionListener, org.springframework.security.test.context.support.ReactorContextTestExecutionListener, org.springframework.boot.test.autoconfigure.restdocs.RestDocsTestExecutionListener, org.springframework.boot.test.autoconfigure.web.client.MockRestServiceServerResetTestExecutionListener, org.springframework.boot.test.autoconfigure.web.servlet.MockMvcPrintOnlyOnFailureTestExecutionListener, org.springframework.boot.test.autoconfigure.web.servlet.WebDriverTestExecutionListener, org.springframework.boot.test.mock.mockito.MockitoTestExecutionListener, org.springframework.boot.test.mock.mockito.ResetMocksTestExecutionListener, org.springframework.test.context.web.ServletTestExecutionListener, org.springframework.test.context.support.DirtiesContextBeforeModesTestExecutionListener, org.springframework.test.context.support.DependencyInjectionTestExecutionListener, org.springframework.test.context.support.DirtiesContextTestExecutionListener, org.springframework.test.context.transaction.TransactionalTestExecutionListener, org.springframework.test.context.jdbc.SqlScriptsTestExecutionListener]
2020-08-31 00:55:52.796  INFO 21324 --- [    Test worker] .b.t.a.w.s.WebMvcTestContextBootstrapper : Using TestExecutionListeners: [org.springframework.test.context.web.ServletTestExecutionListener@34e0de0, org.springframework.test.context.support.DirtiesContextBeforeModesTestExecutionListener@2cd73b49, org.springframework.boot.test.mock.mockito.MockitoTestExecutionListener@a46d4f2, org.springframework.boot.test.autoconfigure.SpringBootDependencyInjectionTestExecutionListener@172522ff, org.springframework.test.context.support.DirtiesContextTestExecutionListener@64f71cf6, org.springframework.test.context.transaction.TransactionalTestExecutionListener@716f6e52, org.springframework.test.context.jdbc.SqlScriptsTestExecutionListener@4d32d5c9, org.springframework.security.test.context.support.WithSecurityContextTestExecutionListener@73be344a, org.springframework.security.test.context.support.ReactorContextTestExecutionListener@2f729667, org.springframework.boot.test.autoconfigure.restdocs.RestDocsTestExecutionListener@25e57025, org.springframework.boot.test.autoconfigure.web.client.MockRestServiceServerResetTestExecutionListener@7ea265cd, org.springframework.boot.test.autoconfigure.web.servlet.MockMvcPrintOnlyOnFailureTestExecutionListener@7cbc1237, org.springframework.boot.test.autoconfigure.web.servlet.WebDriverTestExecutionListener@47c67269, org.springframework.boot.test.mock.mockito.ResetMocksTestExecutionListener@492c56ec]

  .   ____          _            __ _ _
 /\\ / ___'_ __ _ _(_)_ __  __ _ \ \ \ \
( ( )\___ | '_ | '_| | '_ \/ _` | \ \ \ \
 \\/  ___)| |_)| | | | | || (_| |  ) ) ) )
  '  |____| .__|_| |_|_| |_\__, | / / / /
 =========|_|==============|___/=/_/_/_/
 :: Spring Boot ::        (v2.1.7.RELEASE)

2020-08-31 00:55:52.816  INFO 21324 --- [    Test worker] c.m.springboot.web.HelloControllerTest   : Starting HelloControllerTest on DESKTOP-9RD3H0Q with PID 21324 (started by azure in C:\Project\my-webservice)
2020-08-31 00:55:52.817  INFO 21324 --- [    Test worker] c.m.springboot.web.HelloControllerTest   : No active profile set, falling back to default profiles: default
2020-08-31 00:55:53.085  INFO 21324 --- [    Test worker] o.s.s.concurrent.ThreadPoolTaskExecutor  : Initializing ExecutorService 'applicationTaskExecutor'
2020-08-31 00:55:53.106  INFO 21324 --- [    Test worker] o.s.b.a.w.s.WelcomePageHandlerMapping    : Adding welcome page template: index
2020-08-31 00:55:53.234  INFO 21324 --- [    Test worker] .s.s.UserDetailsServiceAutoConfiguration : 

Using generated security password: dfcf0ce6-95e5-4b02-b7d4-af71bf17b24f

2020-08-31 00:55:53.340  INFO 21324 --- [    Test worker] o.s.s.web.DefaultSecurityFilterChain     : Creating filter chain: any request, [org.springframework.security.web.context.request.async.WebAsyncManagerIntegrationFilter@4b95b565, org.springframework.security.web.context.SecurityContextPersistenceFilter@4a1c057f, org.springframework.security.web.header.HeaderWriterFilter@dfb889f, org.springframework.security.web.csrf.CsrfFilter@7f7dea96, org.springframework.security.web.authentication.logout.LogoutFilter@60abf46, org.springframework.security.web.authentication.UsernamePasswordAuthenticationFilter@7ab6658f, org.springframework.security.web.authentication.ui.DefaultLoginPageGeneratingFilter@b71923a, org.springframework.security.web.authentication.ui.DefaultLogoutPageGeneratingFilter@18a5d4f9, org.springframework.security.web.authentication.www.BasicAuthenticationFilter@5b2bb6a8, org.springframework.security.web.savedrequest.RequestCacheAwareFilter@5000c88e, org.springframework.security.web.servletapi.SecurityContextHolderAwareRequestFilter@16e0d61, org.springframework.security.web.authentication.AnonymousAuthenticationFilter@1ebdbfb3, org.springframework.security.web.session.SessionManagementFilter@1dc2faec, org.springframework.security.web.access.ExceptionTranslationFilter@30154270, org.springframework.security.web.access.intercept.FilterSecurityInterceptor@13dd00fe]
2020-08-31 00:55:53.353  INFO 21324 --- [    Test worker] o.s.b.t.m.w.SpringBootMockServletContext : Initializing Spring TestDispatcherServlet ''
2020-08-31 00:55:53.353  INFO 21324 --- [    Test worker] o.s.t.web.servlet.TestDispatcherServlet  : Initializing Servlet ''
2020-08-31 00:55:53.360  INFO 21324 --- [    Test worker] o.s.t.web.servlet.TestDispatcherServlet  : Completed initialization in 7 ms
2020-08-31 00:55:53.379  INFO 21324 --- [    Test worker] c.m.springboot.web.HelloControllerTest   : Started HelloControllerTest in 0.582 seconds (JVM running for 8.76)
]]></system-out>
  <system-err><![CDATA[]]></system-err>
</testsuite>
