<?xml version="1.0" encoding="UTF-8"?>
<testsuite name="com.minsu.springboot.web.ProfileControllerTest" tests="1" skipped="0" failures="0" errors="0" timestamp="2020-08-31T08:52:46" hostname="DESKTOP-9RD3H0Q" time="0.011">
  <properties/>
  <testcase name="profile은_인증없이_호출된다" classname="com.minsu.springboot.web.ProfileControllerTest" time="0.011"/>
  <system-out><![CDATA[2020-08-31 17:52:46.897  INFO 8608 --- [    Test worker] .b.t.c.SpringBootTestContextBootstrapper : Neither @ContextConfiguration nor @ContextHierarchy found for test class [com.minsu.springboot.web.ProfileControllerTest], using SpringBootContextLoader
2020-08-31 17:52:46.897  INFO 8608 --- [    Test worker] o.s.t.c.support.AbstractContextLoader    : Could not detect default resource locations for test class [com.minsu.springboot.web.ProfileControllerTest]: no resource found for suffixes {-context.xml, Context.groovy}.
2020-08-31 17:52:46.898  INFO 8608 --- [    Test worker] t.c.s.AnnotationConfigContextLoaderUtils : Could not detect default configuration classes for test class [com.minsu.springboot.web.ProfileControllerTest]: ProfileControllerTest does not declare any static, non-private, non-final, nested classes annotated with @Configuration.
2020-08-31 17:52:46.899  INFO 8608 --- [    Test worker] .b.t.c.SpringBootTestContextBootstrapper : Found @SpringBootConfiguration com.minsu.springboot.Application for test class com.minsu.springboot.web.ProfileControllerTest
2020-08-31 17:52:46.899  INFO 8608 --- [    Test worker] .b.t.c.SpringBootTestContextBootstrapper : Loaded default TestExecutionListener class names from location [META-INF/spring.factories]: [org.springframework.security.test.context.support.WithSecurityContextTestExecutionListener, org.springframework.security.test.context.support.ReactorContextTestExecutionListener, org.springframework.boot.test.autoconfigure.restdocs.RestDocsTestExecutionListener, org.springframework.boot.test.autoconfigure.web.client.MockRestServiceServerResetTestExecutionListener, org.springframework.boot.test.autoconfigure.web.servlet.MockMvcPrintOnlyOnFailureTestExecutionListener, org.springframework.boot.test.autoconfigure.web.servlet.WebDriverTestExecutionListener, org.springframework.boot.test.mock.mockito.MockitoTestExecutionListener, org.springframework.boot.test.mock.mockito.ResetMocksTestExecutionListener, org.springframework.test.context.web.ServletTestExecutionListener, org.springframework.test.context.support.DirtiesContextBeforeModesTestExecutionListener, org.springframework.test.context.support.DependencyInjectionTestExecutionListener, org.springframework.test.context.support.DirtiesContextTestExecutionListener, org.springframework.test.context.transaction.TransactionalTestExecutionListener, org.springframework.test.context.jdbc.SqlScriptsTestExecutionListener]
2020-08-31 17:52:46.900  INFO 8608 --- [    Test worker] .b.t.c.SpringBootTestContextBootstrapper : Using TestExecutionListeners: [org.springframework.test.context.web.ServletTestExecutionListener@14163df3, org.springframework.test.context.support.DirtiesContextBeforeModesTestExecutionListener@5d380c5e, org.springframework.boot.test.mock.mockito.MockitoTestExecutionListener@2e29e84e, org.springframework.boot.test.autoconfigure.SpringBootDependencyInjectionTestExecutionListener@72e99804, org.springframework.test.context.support.DirtiesContextTestExecutionListener@57b5da0f, org.springframework.test.context.transaction.TransactionalTestExecutionListener@4a72765b, org.springframework.test.context.jdbc.SqlScriptsTestExecutionListener@2b789cc3, org.springframework.security.test.context.support.WithSecurityContextTestExecutionListener@15ef1810, org.springframework.security.test.context.support.ReactorContextTestExecutionListener@6c73dd00, org.springframework.boot.test.autoconfigure.restdocs.RestDocsTestExecutionListener@35eaae7b, org.springframework.boot.test.autoconfigure.web.client.MockRestServiceServerResetTestExecutionListener@5a1ba281, org.springframework.boot.test.autoconfigure.web.servlet.MockMvcPrintOnlyOnFailureTestExecutionListener@37590e4a, org.springframework.boot.test.autoconfigure.web.servlet.WebDriverTestExecutionListener@45b05e7c, org.springframework.boot.test.mock.mockito.ResetMocksTestExecutionListener@25c9a9c7]
]]></system-out>
  <system-err><![CDATA[]]></system-err>
</testsuite>
