<?xml version="1.0" encoding="UTF-8"?>
<testsuite name="com.minsu.springboot.web.dto.HelloResponseDtoTest" tests="1" skipped="0" failures="0" errors="0" timestamp="2020-08-31T09:41:42" hostname="DESKTOP-9RD3H0Q" time="0.002">
  <properties/>
  <testcase name="롬복_기능_테스트" classname="com.minsu.springboot.web.dto.HelloResponseDtoTest" time="0.002"/>
  <system-out><![CDATA[]]></system-out>
  <system-err><![CDATA[]]></system-err>
</testsuite>
