<?xml version="1.0" encoding="UTF-8"?>
<testsuite name="com.minsu.springboot.web.HelloControllerTest" tests="2" skipped="0" failures="0" errors="0" timestamp="2020-08-31T09:41:43" hostname="DESKTOP-9RD3H0Q" time="0.138">
  <properties/>
  <testcase name="hello가_리턴" classname="com.minsu.springboot.web.HelloControllerTest" time="0.056"/>
  <testcase name="helloDto가_리턴" classname="com.minsu.springboot.web.HelloControllerTest" time="0.081"/>
  <system-out><![CDATA[2020-08-31 18:41:42.927  INFO 22268 --- [    Test worker] .b.t.a.w.s.WebMvcTestContextBootstrapper : Neither @ContextConfiguration nor @ContextHierarchy found for test class [com.minsu.springboot.web.HelloControllerTest], using SpringBootContextLoader
2020-08-31 18:41:42.927  INFO 22268 --- [    Test worker] o.s.t.c.support.AbstractContextLoader    : Could not detect default resource locations for test class [com.minsu.springboot.web.HelloControllerTest]: no resource found for suffixes {-context.xml, Context.groovy}.
2020-08-31 18:41:42.927  INFO 22268 --- [    Test worker] t.c.s.AnnotationConfigContextLoaderUtils : Could not detect default configuration classes for test class [com.minsu.springboot.web.HelloControllerTest]: HelloControllerTest does not declare any static, non-private, non-final, nested classes annotated with @Configuration.
2020-08-31 18:41:42.949  INFO 22268 --- [    Test worker] .b.t.c.SpringBootTestContextBootstrapper : Found @SpringBootConfiguration com.minsu.springboot.Application for test class com.minsu.springboot.web.HelloControllerTest
2020-08-31 18:41:42.949  INFO 22268 --- [    Test worker] .b.t.a.w.s.WebMvcTestContextBootstrapper : Loaded default TestExecutionListener class names from location [META-INF/spring.factories]: [org.springframework.security.test.context.support.WithSecurityContextTestExecutionListener, org.springframework.security.test.context.support.ReactorContextTestExecutionListener, org.springframework.boot.test.autoconfigure.restdocs.RestDocsTestExecutionListener, org.springframework.boot.test.autoconfigure.web.client.MockRestServiceServerResetTestExecutionListener, org.springframework.boot.test.autoconfigure.web.servlet.MockMvcPrintOnlyOnFailureTestExecutionListener, org.springframework.boot.test.autoconfigure.web.servlet.WebDriverTestExecutionListener, org.springframework.boot.test.mock.mockito.MockitoTestExecutionListener, org.springframework.boot.test.mock.mockito.ResetMocksTestExecutionListener, org.springframework.test.context.web.ServletTestExecutionListener, org.springframework.test.context.support.DirtiesContextBeforeModesTestExecutionListener, org.springframework.test.context.support.DependencyInjectionTestExecutionListener, org.springframework.test.context.support.DirtiesContextTestExecutionListener, org.springframework.test.context.transaction.TransactionalTestExecutionListener, org.springframework.test.context.jdbc.SqlScriptsTestExecutionListener]
2020-08-31 18:41:42.950  INFO 22268 --- [    Test worker] .b.t.a.w.s.WebMvcTestContextBootstrapper : Using TestExecutionListeners: [org.springframework.test.context.web.ServletTestExecutionListener@d074be6, org.springframework.test.context.support.DirtiesContextBeforeModesTestExecutionListener@7cbe504b, org.springframework.boot.test.mock.mockito.MockitoTestExecutionListener@3290a885, org.springframework.boot.test.autoconfigure.SpringBootDependencyInjectionTestExecutionListener@148c832, org.springframework.test.context.support.DirtiesContextTestExecutionListener@36a7eb86, org.springframework.test.context.transaction.TransactionalTestExecutionListener@3895c911, org.springframework.test.context.jdbc.SqlScriptsTestExecutionListener@f768a06, org.springframework.security.test.context.support.WithSecurityContextTestExecutionListener@4838ca82, org.springframework.security.test.context.support.ReactorContextTestExecutionListener@414af3d8, org.springframework.boot.test.autoconfigure.restdocs.RestDocsTestExecutionListener@578167a1, org.springframework.boot.test.autoconfigure.web.client.MockRestServiceServerResetTestExecutionListener@6c9cf1ed, org.springframework.boot.test.autoconfigure.web.servlet.MockMvcPrintOnlyOnFailureTestExecutionListener@62fe4a26, org.springframework.boot.test.autoconfigure.web.servlet.WebDriverTestExecutionListener@743ca192, org.springframework.boot.test.mock.mockito.ResetMocksTestExecutionListener@28dc7cdb]

  .   ____          _            __ _ _
 /\\ / ___'_ __ _ _(_)_ __  __ _ \ \ \ \
( ( )\___ | '_ | '_| | '_ \/ _` | \ \ \ \
 \\/  ___)| |_)| | | | | || (_| |  ) ) ) )
  '  |____| .__|_| |_|_| |_\__, | / / / /
 =========|_|==============|___/=/_/_/_/
 :: Spring Boot ::        (v2.1.7.RELEASE)

2020-08-31 18:41:42.982  INFO 22268 --- [    Test worker] c.m.springboot.web.HelloControllerTest   : Starting HelloControllerTest on DESKTOP-9RD3H0Q with PID 22268 (started by azure in C:\Project\my-webservice)
2020-08-31 18:41:42.983  INFO 22268 --- [    Test worker] c.m.springboot.web.HelloControllerTest   : No active profile set, falling back to default profiles: default
2020-08-31 18:41:43.388  INFO 22268 --- [    Test worker] o.s.s.concurrent.ThreadPoolTaskExecutor  : Initializing ExecutorService 'applicationTaskExecutor'
2020-08-31 18:41:43.421  INFO 22268 --- [    Test worker] o.s.b.a.w.s.WelcomePageHandlerMapping    : Adding welcome page template: index
2020-08-31 18:41:43.631  INFO 22268 --- [    Test worker] .s.s.UserDetailsServiceAutoConfiguration : 

Using generated security password: 78b01df6-f64f-4c8a-88f1-e4fbaecf63e1

2020-08-31 18:41:43.777  INFO 22268 --- [    Test worker] o.s.s.web.DefaultSecurityFilterChain     : Creating filter chain: any request, [org.springframework.security.web.context.request.async.WebAsyncManagerIntegrationFilter@65951ac, org.springframework.security.web.context.SecurityContextPersistenceFilter@62cb27f0, org.springframework.security.web.header.HeaderWriterFilter@722d8b1, org.springframework.security.web.csrf.CsrfFilter@39a1f64b, org.springframework.security.web.authentication.logout.LogoutFilter@1cbd41a8, org.springframework.security.web.authentication.UsernamePasswordAuthenticationFilter@5b5cbcaf, org.springframework.security.web.authentication.ui.DefaultLoginPageGeneratingFilter@387bd57, org.springframework.security.web.authentication.ui.DefaultLogoutPageGeneratingFilter@2f1a14f1, org.springframework.security.web.authentication.www.BasicAuthenticationFilter@28508818, org.springframework.security.web.savedrequest.RequestCacheAwareFilter@1851c7dd, org.springframework.security.web.servletapi.SecurityContextHolderAwareRequestFilter@9a77336, org.springframework.security.web.authentication.AnonymousAuthenticationFilter@3a64942, org.springframework.security.web.session.SessionManagementFilter@310765b0, org.springframework.security.web.access.ExceptionTranslationFilter@6483cc78, org.springframework.security.web.access.intercept.FilterSecurityInterceptor@8b2c286]
2020-08-31 18:41:43.807  INFO 22268 --- [    Test worker] o.s.b.t.m.w.SpringBootMockServletContext : Initializing Spring TestDispatcherServlet ''
2020-08-31 18:41:43.807  INFO 22268 --- [    Test worker] o.s.t.web.servlet.TestDispatcherServlet  : Initializing Servlet ''
2020-08-31 18:41:43.818  INFO 22268 --- [    Test worker] o.s.t.web.servlet.TestDispatcherServlet  : Completed initialization in 11 ms
2020-08-31 18:41:43.842  INFO 22268 --- [    Test worker] c.m.springboot.web.HelloControllerTest   : Started HelloControllerTest in 0.89 seconds (JVM running for 7.719)
]]></system-out>
  <system-err><![CDATA[]]></system-err>
</testsuite>
