<?xml version="1.0" encoding="UTF-8"?>
<testsuite name="com.minsu.springboot.web.HelloControllerTest" tests="2" skipped="0" failures="0" errors="0" timestamp="2020-08-29T08:27:31" hostname="DESKTOP-9RD3H0Q" time="0.269">
  <properties/>
  <testcase name="hello가_리턴" classname="com.minsu.springboot.web.HelloControllerTest" time="0.204"/>
  <testcase name="helloDto가_리턴" classname="com.minsu.springboot.web.HelloControllerTest" time="0.064"/>
  <system-out><![CDATA[17:27:29.517 [Test worker] DEBUG org.springframework.test.context.junit4.SpringJUnit4ClassRunner - SpringJUnit4ClassRunner constructor called with [class com.minsu.springboot.web.HelloControllerTest]
17:27:29.523 [Test worker] DEBUG org.springframework.test.context.BootstrapUtils - Instantiating CacheAwareContextLoaderDelegate from class [org.springframework.test.context.cache.DefaultCacheAwareContextLoaderDelegate]
17:27:29.531 [Test worker] DEBUG org.springframework.test.context.BootstrapUtils - Instantiating BootstrapContext using constructor [public org.springframework.test.context.support.DefaultBootstrapContext(java.lang.Class,org.springframework.test.context.CacheAwareContextLoaderDelegate)]
17:27:29.546 [Test worker] DEBUG org.springframework.test.context.BootstrapUtils - Instantiating TestContextBootstrapper for test class [com.minsu.springboot.web.HelloControllerTest] from class [org.springframework.boot.test.autoconfigure.web.servlet.WebMvcTestContextBootstrapper]
17:27:29.563 [Test worker] INFO org.springframework.boot.test.autoconfigure.web.servlet.WebMvcTestContextBootstrapper - Neither @ContextConfiguration nor @ContextHierarchy found for test class [com.minsu.springboot.web.HelloControllerTest], using SpringBootContextLoader
17:27:29.566 [Test worker] DEBUG org.springframework.test.context.support.AbstractContextLoader - Did not detect default resource location for test class [com.minsu.springboot.web.HelloControllerTest]: class path resource [com/minsu/springboot/web/HelloControllerTest-context.xml] does not exist
17:27:29.567 [Test worker] DEBUG org.springframework.test.context.support.AbstractContextLoader - Did not detect default resource location for test class [com.minsu.springboot.web.HelloControllerTest]: class path resource [com/minsu/springboot/web/HelloControllerTestContext.groovy] does not exist
17:27:29.567 [Test worker] INFO org.springframework.test.context.support.AbstractContextLoader - Could not detect default resource locations for test class [com.minsu.springboot.web.HelloControllerTest]: no resource found for suffixes {-context.xml, Context.groovy}.
17:27:29.567 [Test worker] INFO org.springframework.test.context.support.AnnotationConfigContextLoaderUtils - Could not detect default configuration classes for test class [com.minsu.springboot.web.HelloControllerTest]: HelloControllerTest does not declare any static, non-private, non-final, nested classes annotated with @Configuration.
17:27:29.625 [Test worker] DEBUG org.springframework.test.context.support.ActiveProfilesUtils - Could not find an 'annotation declaring class' for annotation type [org.springframework.test.context.ActiveProfiles] and class [com.minsu.springboot.web.HelloControllerTest]
17:27:29.692 [Test worker] DEBUG org.springframework.context.annotation.ClassPathScanningCandidateComponentProvider - Identified candidate component class: file [C:\Project\my-webservice\build\classes\java\main\com\minsu\springboot\Application.class]
17:27:29.693 [Test worker] INFO org.springframework.boot.test.context.SpringBootTestContextBootstrapper - Found @SpringBootConfiguration com.minsu.springboot.Application for test class com.minsu.springboot.web.HelloControllerTest
17:27:29.694 [Test worker] DEBUG org.springframework.boot.test.autoconfigure.web.servlet.WebMvcTestContextBootstrapper - @TestExecutionListeners is not present for class [com.minsu.springboot.web.HelloControllerTest]: using defaults.
17:27:29.695 [Test worker] INFO org.springframework.boot.test.autoconfigure.web.servlet.WebMvcTestContextBootstrapper - Loaded default TestExecutionListener class names from location [META-INF/spring.factories]: [org.springframework.security.test.context.support.WithSecurityContextTestExecutionListener, org.springframework.security.test.context.support.ReactorContextTestExecutionListener, org.springframework.boot.test.autoconfigure.restdocs.RestDocsTestExecutionListener, org.springframework.boot.test.autoconfigure.web.client.MockRestServiceServerResetTestExecutionListener, org.springframework.boot.test.autoconfigure.web.servlet.MockMvcPrintOnlyOnFailureTestExecutionListener, org.springframework.boot.test.autoconfigure.web.servlet.WebDriverTestExecutionListener, org.springframework.boot.test.mock.mockito.MockitoTestExecutionListener, org.springframework.boot.test.mock.mockito.ResetMocksTestExecutionListener, org.springframework.test.context.web.ServletTestExecutionListener, org.springframework.test.context.support.DirtiesContextBeforeModesTestExecutionListener, org.springframework.test.context.support.DependencyInjectionTestExecutionListener, org.springframework.test.context.support.DirtiesContextTestExecutionListener, org.springframework.test.context.transaction.TransactionalTestExecutionListener, org.springframework.test.context.jdbc.SqlScriptsTestExecutionListener]
17:27:29.717 [Test worker] INFO org.springframework.boot.test.autoconfigure.web.servlet.WebMvcTestContextBootstrapper - Using TestExecutionListeners: [org.springframework.test.context.web.ServletTestExecutionListener@35174771, org.springframework.test.context.support.DirtiesContextBeforeModesTestExecutionListener@445c1cd0, org.springframework.boot.test.mock.mockito.MockitoTestExecutionListener@704543ce, org.springframework.boot.test.autoconfigure.SpringBootDependencyInjectionTestExecutionListener@6af7d60c, org.springframework.test.context.support.DirtiesContextTestExecutionListener@655438ec, org.springframework.test.context.transaction.TransactionalTestExecutionListener@414a020a, org.springframework.test.context.jdbc.SqlScriptsTestExecutionListener@1bcb62de, org.springframework.security.test.context.support.WithSecurityContextTestExecutionListener@4f58801d, org.springframework.security.test.context.support.ReactorContextTestExecutionListener@b8f4242, org.springframework.boot.test.autoconfigure.restdocs.RestDocsTestExecutionListener@1ac44b6b, org.springframework.boot.test.autoconfigure.web.client.MockRestServiceServerResetTestExecutionListener@5ad9077f, org.springframework.boot.test.autoconfigure.web.servlet.MockMvcPrintOnlyOnFailureTestExecutionListener@510a2c51, org.springframework.boot.test.autoconfigure.web.servlet.WebDriverTestExecutionListener@20e6e960, org.springframework.boot.test.mock.mockito.ResetMocksTestExecutionListener@18416104]
17:27:29.719 [Test worker] DEBUG org.springframework.test.annotation.ProfileValueUtils - Retrieved @ProfileValueSourceConfiguration [null] for test class [com.minsu.springboot.web.HelloControllerTest]
17:27:29.720 [Test worker] DEBUG org.springframework.test.annotation.ProfileValueUtils - Retrieved ProfileValueSource type [class org.springframework.test.annotation.SystemProfileValueSource] for class [com.minsu.springboot.web.HelloControllerTest]
17:27:29.720 [Test worker] DEBUG org.springframework.test.annotation.ProfileValueUtils - Retrieved @ProfileValueSourceConfiguration [null] for test class [com.minsu.springboot.web.HelloControllerTest]
17:27:29.720 [Test worker] DEBUG org.springframework.test.annotation.ProfileValueUtils - Retrieved ProfileValueSource type [class org.springframework.test.annotation.SystemProfileValueSource] for class [com.minsu.springboot.web.HelloControllerTest]
17:27:29.724 [Test worker] DEBUG org.springframework.test.context.support.AbstractDirtiesContextTestExecutionListener - Before test class: context [DefaultTestContext@5aa67486 testClass = HelloControllerTest, testInstance = [null], testMethod = [null], testException = [null], mergedContextConfiguration = [WebMergedContextConfiguration@1912efb8 testClass = HelloControllerTest, locations = '{}', classes = '{class com.minsu.springboot.Application}', contextInitializerClasses = '[]', activeProfiles = '{}', propertySourceLocations = '{}', propertySourceProperties = '{org.springframework.boot.test.autoconfigure.web.servlet.WebMvcTestContextBootstrapper=true}', contextCustomizers = set[org.springframework.boot.test.autoconfigure.OverrideAutoConfigurationContextCustomizerFactory$DisableAutoConfigurationContextCustomizer@5fa929d7, org.springframework.boot.test.autoconfigure.filter.TypeExcludeFiltersContextCustomizer@51eb9345, org.springframework.boot.test.autoconfigure.properties.PropertyMappingContextCustomizer@9aafb432, org.springframework.boot.test.autoconfigure.web.servlet.WebDriverContextCustomizerFactory$Customizer@6e87b590, [ImportsContextCustomizer@11191f3a key = [org.springframework.boot.autoconfigure.cache.CacheAutoConfiguration, org.springframework.boot.autoconfigure.context.MessageSourceAutoConfiguration, org.springframework.boot.autoconfigure.data.web.SpringDataWebAutoConfiguration, org.springframework.boot.autoconfigure.freemarker.FreeMarkerAutoConfiguration, org.springframework.boot.autoconfigure.groovy.template.GroovyTemplateAutoConfiguration, org.springframework.boot.autoconfigure.gson.GsonAutoConfiguration, org.springframework.boot.autoconfigure.hateoas.HypermediaAutoConfiguration, org.springframework.boot.autoconfigure.http.HttpMessageConvertersAutoConfiguration, org.springframework.boot.autoconfigure.jackson.JacksonAutoConfiguration, org.springframework.boot.autoconfigure.jsonb.JsonbAutoConfiguration, org.springframework.boot.autoconfigure.mustache.MustacheAutoConfiguration, org.springframework.boot.autoconfigure.task.TaskExecutionAutoConfiguration, org.springframework.boot.autoconfigure.thymeleaf.ThymeleafAutoConfiguration, org.springframework.boot.autoconfigure.validation.ValidationAutoConfiguration, org.springframework.boot.autoconfigure.web.servlet.error.ErrorMvcAutoConfiguration, org.springframework.boot.autoconfigure.web.servlet.WebMvcAutoConfiguration, org.springframework.boot.test.autoconfigure.web.servlet.MockMvcAutoConfiguration, org.springframework.boot.test.autoconfigure.web.servlet.MockMvcSecurityAutoConfiguration, org.springframework.boot.test.autoconfigure.web.servlet.MockMvcWebClientAutoConfiguration, org.springframework.boot.test.autoconfigure.web.servlet.MockMvcWebDriverAutoConfiguration]], org.springframework.boot.test.context.filter.ExcludeFilterContextCustomizer@49271e97, org.springframework.boot.test.json.DuplicateJsonObjectContextCustomizerFactory$DuplicateJsonObjectContextCustomizer@227a1360, org.springframework.boot.test.mock.mockito.MockitoContextCustomizer@0], resourceBasePath = 'src/main/webapp', contextLoader = 'org.springframework.boot.test.context.SpringBootContextLoader', parent = [null]], attributes = map[[empty]]], class annotated with @DirtiesContext [false] with mode [null].
17:27:29.725 [Test worker] DEBUG org.springframework.test.annotation.ProfileValueUtils - Retrieved @ProfileValueSourceConfiguration [null] for test class [com.minsu.springboot.web.HelloControllerTest]
17:27:29.725 [Test worker] DEBUG org.springframework.test.annotation.ProfileValueUtils - Retrieved ProfileValueSource type [class org.springframework.test.annotation.SystemProfileValueSource] for class [com.minsu.springboot.web.HelloControllerTest]
17:27:29.729 [Test worker] DEBUG org.springframework.test.context.support.DependencyInjectionTestExecutionListener - Performing dependency injection for test context [[DefaultTestContext@5aa67486 testClass = HelloControllerTest, testInstance = com.minsu.springboot.web.HelloControllerTest@7889167f, testMethod = [null], testException = [null], mergedContextConfiguration = [WebMergedContextConfiguration@1912efb8 testClass = HelloControllerTest, locations = '{}', classes = '{class com.minsu.springboot.Application}', contextInitializerClasses = '[]', activeProfiles = '{}', propertySourceLocations = '{}', propertySourceProperties = '{org.springframework.boot.test.autoconfigure.web.servlet.WebMvcTestContextBootstrapper=true}', contextCustomizers = set[org.springframework.boot.test.autoconfigure.OverrideAutoConfigurationContextCustomizerFactory$DisableAutoConfigurationContextCustomizer@5fa929d7, org.springframework.boot.test.autoconfigure.filter.TypeExcludeFiltersContextCustomizer@51eb9345, org.springframework.boot.test.autoconfigure.properties.PropertyMappingContextCustomizer@9aafb432, org.springframework.boot.test.autoconfigure.web.servlet.WebDriverContextCustomizerFactory$Customizer@6e87b590, [ImportsContextCustomizer@11191f3a key = [org.springframework.boot.autoconfigure.cache.CacheAutoConfiguration, org.springframework.boot.autoconfigure.context.MessageSourceAutoConfiguration, org.springframework.boot.autoconfigure.data.web.SpringDataWebAutoConfiguration, org.springframework.boot.autoconfigure.freemarker.FreeMarkerAutoConfiguration, org.springframework.boot.autoconfigure.groovy.template.GroovyTemplateAutoConfiguration, org.springframework.boot.autoconfigure.gson.GsonAutoConfiguration, org.springframework.boot.autoconfigure.hateoas.HypermediaAutoConfiguration, org.springframework.boot.autoconfigure.http.HttpMessageConvertersAutoConfiguration, org.springframework.boot.autoconfigure.jackson.JacksonAutoConfiguration, org.springframework.boot.autoconfigure.jsonb.JsonbAutoConfiguration, org.springframework.boot.autoconfigure.mustache.MustacheAutoConfiguration, org.springframework.boot.autoconfigure.task.TaskExecutionAutoConfiguration, org.springframework.boot.autoconfigure.thymeleaf.ThymeleafAutoConfiguration, org.springframework.boot.autoconfigure.validation.ValidationAutoConfiguration, org.springframework.boot.autoconfigure.web.servlet.error.ErrorMvcAutoConfiguration, org.springframework.boot.autoconfigure.web.servlet.WebMvcAutoConfiguration, org.springframework.boot.test.autoconfigure.web.servlet.MockMvcAutoConfiguration, org.springframework.boot.test.autoconfigure.web.servlet.MockMvcSecurityAutoConfiguration, org.springframework.boot.test.autoconfigure.web.servlet.MockMvcWebClientAutoConfiguration, org.springframework.boot.test.autoconfigure.web.servlet.MockMvcWebDriverAutoConfiguration]], org.springframework.boot.test.context.filter.ExcludeFilterContextCustomizer@49271e97, org.springframework.boot.test.json.DuplicateJsonObjectContextCustomizerFactory$DuplicateJsonObjectContextCustomizer@227a1360, org.springframework.boot.test.mock.mockito.MockitoContextCustomizer@0], resourceBasePath = 'src/main/webapp', contextLoader = 'org.springframework.boot.test.context.SpringBootContextLoader', parent = [null]], attributes = map[[empty]]]].
17:27:29.838 [Test worker] DEBUG org.springframework.test.context.support.TestPropertySourceUtils - Adding inlined properties to environment: {spring.jmx.enabled=false, org.springframework.boot.test.autoconfigure.web.servlet.WebMvcTestContextBootstrapper=true, server.port=-1}

  .   ____          _            __ _ _
 /\\ / ___'_ __ _ _(_)_ __  __ _ \ \ \ \
( ( )\___ | '_ | '_| | '_ \/ _` | \ \ \ \
 \\/  ___)| |_)| | | | | || (_| |  ) ) ) )
  '  |____| .__|_| |_|_| |_\__, | / / / /
 =========|_|==============|___/=/_/_/_/
 :: Spring Boot ::        (v2.1.7.RELEASE)

2020-08-29 17:27:30.071  INFO 26256 --- [    Test worker] c.m.springboot.web.HelloControllerTest   : Starting HelloControllerTest on DESKTOP-9RD3H0Q with PID 26256 (started by azure in C:\Project\my-webservice)
2020-08-29 17:27:30.074  INFO 26256 --- [    Test worker] c.m.springboot.web.HelloControllerTest   : No active profile set, falling back to default profiles: default
2020-08-29 17:27:31.187  INFO 26256 --- [    Test worker] o.s.s.concurrent.ThreadPoolTaskExecutor  : Initializing ExecutorService 'applicationTaskExecutor'
2020-08-29 17:27:31.267  INFO 26256 --- [    Test worker] o.s.b.a.w.s.WelcomePageHandlerMapping    : Adding welcome page template: index
2020-08-29 17:27:31.551  INFO 26256 --- [    Test worker] .s.s.UserDetailsServiceAutoConfiguration : 

Using generated security password: ecadd5b6-cfb4-438a-a0d1-f8dbf8f0a3f5

2020-08-29 17:27:31.777  INFO 26256 --- [    Test worker] o.s.s.web.DefaultSecurityFilterChain     : Creating filter chain: any request, [org.springframework.security.web.context.request.async.WebAsyncManagerIntegrationFilter@a04c35f, org.springframework.security.web.context.SecurityContextPersistenceFilter@68f09a18, org.springframework.security.web.header.HeaderWriterFilter@1e9703ba, org.springframework.security.web.csrf.CsrfFilter@76c5a5b5, org.springframework.security.web.authentication.logout.LogoutFilter@62a9b2f2, org.springframework.security.web.authentication.UsernamePasswordAuthenticationFilter@2fa0ccf2, org.springframework.security.web.authentication.ui.DefaultLoginPageGeneratingFilter@4383e2fe, org.springframework.security.web.authentication.ui.DefaultLogoutPageGeneratingFilter@74a45a14, org.springframework.security.web.authentication.www.BasicAuthenticationFilter@6a7cb2c5, org.springframework.security.web.savedrequest.RequestCacheAwareFilter@7b878506, org.springframework.security.web.servletapi.SecurityContextHolderAwareRequestFilter@74b9a3c9, org.springframework.security.web.authentication.AnonymousAuthenticationFilter@20d7aa28, org.springframework.security.web.session.SessionManagementFilter@34f4c978, org.springframework.security.web.access.ExceptionTranslationFilter@50daad77, org.springframework.security.web.access.intercept.FilterSecurityInterceptor@4f0a6ed9]
2020-08-29 17:27:31.822  INFO 26256 --- [    Test worker] o.s.b.t.m.w.SpringBootMockServletContext : Initializing Spring TestDispatcherServlet ''
2020-08-29 17:27:31.823  INFO 26256 --- [    Test worker] o.s.t.web.servlet.TestDispatcherServlet  : Initializing Servlet ''
2020-08-29 17:27:31.836  INFO 26256 --- [    Test worker] o.s.t.web.servlet.TestDispatcherServlet  : Completed initialization in 13 ms
2020-08-29 17:27:31.878  INFO 26256 --- [    Test worker] c.m.springboot.web.HelloControllerTest   : Started HelloControllerTest in 2.033 seconds (JVM running for 3.317)
]]></system-out>
  <system-err><![CDATA[]]></system-err>
</testsuite>
