<?xml version="1.0" encoding="UTF-8"?>
<testsuite name="com.minsu.springboot.web.IndexControllerTest" tests="1" skipped="0" failures="0" errors="0" timestamp="2020-08-31T09:41:45" hostname="DESKTOP-9RD3H0Q" time="0.14">
  <properties/>
  <testcase name="메인페이지_로딩" classname="com.minsu.springboot.web.IndexControllerTest" time="0.14"/>
  <system-out><![CDATA[2020-08-31 18:41:43.985  INFO 22268 --- [    Test worker] .b.t.c.SpringBootTestContextBootstrapper : Neither @ContextConfiguration nor @ContextHierarchy found for test class [com.minsu.springboot.web.IndexControllerTest], using SpringBootContextLoader
2020-08-31 18:41:43.986  INFO 22268 --- [    Test worker] o.s.t.c.support.AbstractContextLoader    : Could not detect default resource locations for test class [com.minsu.springboot.web.IndexControllerTest]: no resource found for suffixes {-context.xml, Context.groovy}.
2020-08-31 18:41:43.986  INFO 22268 --- [    Test worker] t.c.s.AnnotationConfigContextLoaderUtils : Could not detect default configuration classes for test class [com.minsu.springboot.web.IndexControllerTest]: IndexControllerTest does not declare any static, non-private, non-final, nested classes annotated with @Configuration.
2020-08-31 18:41:43.987  INFO 22268 --- [    Test worker] .b.t.c.SpringBootTestContextBootstrapper : Found @SpringBootConfiguration com.minsu.springboot.Application for test class com.minsu.springboot.web.IndexControllerTest
2020-08-31 18:41:43.988  INFO 22268 --- [    Test worker] .b.t.c.SpringBootTestContextBootstrapper : Loaded default TestExecutionListener class names from location [META-INF/spring.factories]: [org.springframework.security.test.context.support.WithSecurityContextTestExecutionListener, org.springframework.security.test.context.support.ReactorContextTestExecutionListener, org.springframework.boot.test.autoconfigure.restdocs.RestDocsTestExecutionListener, org.springframework.boot.test.autoconfigure.web.client.MockRestServiceServerResetTestExecutionListener, org.springframework.boot.test.autoconfigure.web.servlet.MockMvcPrintOnlyOnFailureTestExecutionListener, org.springframework.boot.test.autoconfigure.web.servlet.WebDriverTestExecutionListener, org.springframework.boot.test.mock.mockito.MockitoTestExecutionListener, org.springframework.boot.test.mock.mockito.ResetMocksTestExecutionListener, org.springframework.test.context.web.ServletTestExecutionListener, org.springframework.test.context.support.DirtiesContextBeforeModesTestExecutionListener, org.springframework.test.context.support.DependencyInjectionTestExecutionListener, org.springframework.test.context.support.DirtiesContextTestExecutionListener, org.springframework.test.context.transaction.TransactionalTestExecutionListener, org.springframework.test.context.jdbc.SqlScriptsTestExecutionListener]
2020-08-31 18:41:43.989  INFO 22268 --- [    Test worker] .b.t.c.SpringBootTestContextBootstrapper : Using TestExecutionListeners: [org.springframework.test.context.web.ServletTestExecutionListener@3f6c8c5e, org.springframework.test.context.support.DirtiesContextBeforeModesTestExecutionListener@3064af6d, org.springframework.boot.test.mock.mockito.MockitoTestExecutionListener@775d9c7a, org.springframework.boot.test.autoconfigure.SpringBootDependencyInjectionTestExecutionListener@5fab5197, org.springframework.test.context.support.DirtiesContextTestExecutionListener@4fe3840, org.springframework.test.context.transaction.TransactionalTestExecutionListener@1174f075, org.springframework.test.context.jdbc.SqlScriptsTestExecutionListener@ad1006d, org.springframework.security.test.context.support.WithSecurityContextTestExecutionListener@f73cf49, org.springframework.security.test.context.support.ReactorContextTestExecutionListener@7a3adadf, org.springframework.boot.test.autoconfigure.restdocs.RestDocsTestExecutionListener@4c7b6ab5, org.springframework.boot.test.autoconfigure.web.client.MockRestServiceServerResetTestExecutionListener@4e2bd93f, org.springframework.boot.test.autoconfigure.web.servlet.MockMvcPrintOnlyOnFailureTestExecutionListener@5f334e34, org.springframework.boot.test.autoconfigure.web.servlet.WebDriverTestExecutionListener@73f39b2f, org.springframework.boot.test.mock.mockito.ResetMocksTestExecutionListener@644a6926]

  .   ____          _            __ _ _
 /\\ / ___'_ __ _ _(_)_ __  __ _ \ \ \ \
( ( )\___ | '_ | '_| | '_ \/ _` | \ \ \ \
 \\/  ___)| |_)| | | | | || (_| |  ) ) ) )
  '  |____| .__|_| |_|_| |_\__, | / / / /
 =========|_|==============|___/=/_/_/_/
 :: Spring Boot ::        (v2.1.7.RELEASE)

2020-08-31 18:41:44.018  INFO 22268 --- [    Test worker] c.m.springboot.web.IndexControllerTest   : Starting IndexControllerTest on DESKTOP-9RD3H0Q with PID 22268 (started by azure in C:\Project\my-webservice)
2020-08-31 18:41:44.019  INFO 22268 --- [    Test worker] c.m.springboot.web.IndexControllerTest   : No active profile set, falling back to default profiles: default
2020-08-31 18:41:44.225  INFO 22268 --- [    Test worker] .s.d.r.c.RepositoryConfigurationDelegate : Bootstrapping Spring Data repositories in DEFAULT mode.
2020-08-31 18:41:44.256  INFO 22268 --- [    Test worker] .s.d.r.c.RepositoryConfigurationDelegate : Finished Spring Data repository scanning in 31ms. Found 2 repository interfaces.
2020-08-31 18:41:44.336  INFO 22268 --- [    Test worker] trationDelegate$BeanPostProcessorChecker : Bean 'org.springframework.transaction.annotation.ProxyTransactionManagementConfiguration' of type [org.springframework.transaction.annotation.ProxyTransactionManagementConfiguration$$EnhancerBySpringCGLIB$$acd77c8c] is not eligible for getting processed by all BeanPostProcessors (for example: not eligible for auto-proxying)
2020-08-31 18:41:44.561  INFO 22268 --- [    Test worker] o.s.b.w.embedded.tomcat.TomcatWebServer  : Tomcat initialized with port(s): 0 (http)
2020-08-31 18:41:44.586  INFO 22268 --- [    Test worker] o.apache.catalina.core.StandardService   : Starting service [Tomcat]
2020-08-31 18:41:44.587  INFO 22268 --- [    Test worker] org.apache.catalina.core.StandardEngine  : Starting Servlet engine: [Apache Tomcat/9.0.22]
2020-08-31 18:41:44.738  INFO 22268 --- [    Test worker] o.a.c.c.C.[Tomcat].[localhost].[/]       : Initializing Spring embedded WebApplicationContext
2020-08-31 18:41:44.738  INFO 22268 --- [    Test worker] o.s.web.context.ContextLoader            : Root WebApplicationContext: initialization completed in 717 ms
2020-08-31 18:41:44.872  INFO 22268 --- [    Test worker] com.zaxxer.hikari.HikariDataSource       : HikariPool-2 - Starting...
2020-08-31 18:41:44.873  INFO 22268 --- [    Test worker] com.zaxxer.hikari.HikariDataSource       : HikariPool-2 - Start completed.
2020-08-31 18:41:44.905  INFO 22268 --- [    Test worker] o.hibernate.jpa.internal.util.LogHelper  : HHH000204: Processing PersistenceUnitInfo [
	name: default
	...]
2020-08-31 18:41:44.915  INFO 22268 --- [    Test worker] org.hibernate.dialect.Dialect            : HHH000400: Using dialect: org.hibernate.dialect.MySQL5InnoDBDialect
Hibernate: drop table if exists posts
Hibernate: drop table if exists user
Hibernate: create table posts (id bigint not null auto_increment, created_date datetime, modified_date datetime, author varchar(255), content TEXT not null, title varchar(500) not null, primary key (id)) engine=InnoDB
Hibernate: create table user (id bigint not null auto_increment, email varchar(255) not null, name varchar(255) not null, picture varchar(255), role varchar(255) not null, primary key (id)) engine=InnoDB
2020-08-31 18:41:44.957  INFO 22268 --- [    Test worker] o.h.t.schema.internal.SchemaCreatorImpl  : HHH000476: Executing import script 'org.hibernate.tool.schema.internal.exec.ScriptSourceInputNonExistentImpl@3035570c'
2020-08-31 18:41:44.957  INFO 22268 --- [    Test worker] j.LocalContainerEntityManagerFactoryBean : Initialized JPA EntityManagerFactory for persistence unit 'default'
2020-08-31 18:41:45.221  INFO 22268 --- [    Test worker] o.h.h.i.QueryTranslatorFactoryInitiator  : HHH000397: Using ASTQueryTranslatorFactory
2020-08-31 18:41:45.348  INFO 22268 --- [    Test worker] o.s.s.web.DefaultSecurityFilterChain     : Creating filter chain: any request, [org.springframework.security.web.context.request.async.WebAsyncManagerIntegrationFilter@598124ef, org.springframework.security.web.context.SecurityContextPersistenceFilter@20c9c6b0, org.springframework.security.web.header.HeaderWriterFilter@799d3df7, org.springframework.security.web.authentication.logout.LogoutFilter@7ad9a117, org.springframework.security.oauth2.client.web.OAuth2AuthorizationRequestRedirectFilter@174cbf28, org.springframework.security.oauth2.client.web.OAuth2LoginAuthenticationFilter@391c605c, org.springframework.security.web.authentication.ui.DefaultLoginPageGeneratingFilter@144b0968, org.springframework.security.web.authentication.ui.DefaultLogoutPageGeneratingFilter@7c23e004, org.springframework.security.web.savedrequest.RequestCacheAwareFilter@3362511e, org.springframework.security.web.servletapi.SecurityContextHolderAwareRequestFilter@2380a000, org.springframework.security.web.authentication.AnonymousAuthenticationFilter@e64a557, org.springframework.security.web.session.SessionManagementFilter@3b68959, org.springframework.security.web.access.ExceptionTranslationFilter@35e4cb9c, org.springframework.security.web.access.intercept.FilterSecurityInterceptor@3b03d093]
2020-08-31 18:41:45.494  INFO 22268 --- [    Test worker] o.s.s.concurrent.ThreadPoolTaskExecutor  : Initializing ExecutorService 'applicationTaskExecutor'
2020-08-31 18:41:45.504  WARN 22268 --- [    Test worker] aWebConfiguration$JpaWebMvcConfiguration : spring.jpa.open-in-view is enabled by default. Therefore, database queries may be performed during view rendering. Explicitly configure spring.jpa.open-in-view to disable this warning
2020-08-31 18:41:45.526  INFO 22268 --- [    Test worker] o.s.b.a.w.s.WelcomePageHandlerMapping    : Adding welcome page template: index
2020-08-31 18:41:45.758  INFO 22268 --- [    Test worker] s.a.ScheduledAnnotationBeanPostProcessor : No TaskScheduler/ScheduledExecutorService bean found for scheduled processing
2020-08-31 18:41:45.773  INFO 22268 --- [    Test worker] o.s.b.w.embedded.tomcat.TomcatWebServer  : Tomcat started on port(s): 53415 (http) with context path ''
2020-08-31 18:41:45.773  INFO 22268 --- [    Test worker] c.m.springboot.web.IndexControllerTest   : Started IndexControllerTest in 1.783 seconds (JVM running for 9.65)
2020-08-31 18:41:45.843  INFO 22268 --- [o-auto-1-exec-1] o.a.c.c.C.[Tomcat].[localhost].[/]       : Initializing Spring DispatcherServlet 'dispatcherServlet'
2020-08-31 18:41:45.843  INFO 22268 --- [o-auto-1-exec-1] o.s.web.servlet.DispatcherServlet        : Initializing Servlet 'dispatcherServlet'
2020-08-31 18:41:45.859  INFO 22268 --- [o-auto-1-exec-1] o.s.web.servlet.DispatcherServlet        : Completed initialization in 16 ms
Hibernate: select posts0_.id as id1_0_, posts0_.created_date as created_2_0_, posts0_.modified_date as modified3_0_, posts0_.author as author4_0_, posts0_.content as content5_0_, posts0_.title as title6_0_ from posts posts0_ order by posts0_.id DESC
]]></system-out>
  <system-err><![CDATA[]]></system-err>
</testsuite>
