<?xml version="1.0" encoding="UTF-8"?>
<testsuite name="com.minsu.springboot.web.HelloControllerTest" tests="2" skipped="0" failures="0" errors="0" timestamp="2020-08-31T08:52:44" hostname="DESKTOP-9RD3H0Q" time="0.134">
  <properties/>
  <testcase name="hello가_리턴" classname="com.minsu.springboot.web.HelloControllerTest" time="0.061"/>
  <testcase name="helloDto가_리턴" classname="com.minsu.springboot.web.HelloControllerTest" time="0.073"/>
  <system-out><![CDATA[2020-08-31 17:52:43.850  INFO 8608 --- [    Test worker] .b.t.a.w.s.WebMvcTestContextBootstrapper : Neither @ContextConfiguration nor @ContextHierarchy found for test class [com.minsu.springboot.web.HelloControllerTest], using SpringBootContextLoader
2020-08-31 17:52:43.850  INFO 8608 --- [    Test worker] o.s.t.c.support.AbstractContextLoader    : Could not detect default resource locations for test class [com.minsu.springboot.web.HelloControllerTest]: no resource found for suffixes {-context.xml, Context.groovy}.
2020-08-31 17:52:43.851  INFO 8608 --- [    Test worker] t.c.s.AnnotationConfigContextLoaderUtils : Could not detect default configuration classes for test class [com.minsu.springboot.web.HelloControllerTest]: HelloControllerTest does not declare any static, non-private, non-final, nested classes annotated with @Configuration.
2020-08-31 17:52:43.870  INFO 8608 --- [    Test worker] .b.t.c.SpringBootTestContextBootstrapper : Found @SpringBootConfiguration com.minsu.springboot.Application for test class com.minsu.springboot.web.HelloControllerTest
2020-08-31 17:52:43.871  INFO 8608 --- [    Test worker] .b.t.a.w.s.WebMvcTestContextBootstrapper : Loaded default TestExecutionListener class names from location [META-INF/spring.factories]: [org.springframework.security.test.context.support.WithSecurityContextTestExecutionListener, org.springframework.security.test.context.support.ReactorContextTestExecutionListener, org.springframework.boot.test.autoconfigure.restdocs.RestDocsTestExecutionListener, org.springframework.boot.test.autoconfigure.web.client.MockRestServiceServerResetTestExecutionListener, org.springframework.boot.test.autoconfigure.web.servlet.MockMvcPrintOnlyOnFailureTestExecutionListener, org.springframework.boot.test.autoconfigure.web.servlet.WebDriverTestExecutionListener, org.springframework.boot.test.mock.mockito.MockitoTestExecutionListener, org.springframework.boot.test.mock.mockito.ResetMocksTestExecutionListener, org.springframework.test.context.web.ServletTestExecutionListener, org.springframework.test.context.support.DirtiesContextBeforeModesTestExecutionListener, org.springframework.test.context.support.DependencyInjectionTestExecutionListener, org.springframework.test.context.support.DirtiesContextTestExecutionListener, org.springframework.test.context.transaction.TransactionalTestExecutionListener, org.springframework.test.context.jdbc.SqlScriptsTestExecutionListener]
2020-08-31 17:52:43.872  INFO 8608 --- [    Test worker] .b.t.a.w.s.WebMvcTestContextBootstrapper : Using TestExecutionListeners: [org.springframework.test.context.web.ServletTestExecutionListener@62fe4a26, org.springframework.test.context.support.DirtiesContextBeforeModesTestExecutionListener@743ca192, org.springframework.boot.test.mock.mockito.MockitoTestExecutionListener@28dc7cdb, org.springframework.boot.test.autoconfigure.SpringBootDependencyInjectionTestExecutionListener@2344f3b4, org.springframework.test.context.support.DirtiesContextTestExecutionListener@337b3280, org.springframework.test.context.transaction.TransactionalTestExecutionListener@22da354c, org.springframework.test.context.jdbc.SqlScriptsTestExecutionListener@692bbf68, org.springframework.security.test.context.support.WithSecurityContextTestExecutionListener@6d7638aa, org.springframework.security.test.context.support.ReactorContextTestExecutionListener@773f8b6, org.springframework.boot.test.autoconfigure.restdocs.RestDocsTestExecutionListener@7470dd41, org.springframework.boot.test.autoconfigure.web.client.MockRestServiceServerResetTestExecutionListener@4094fc58, org.springframework.boot.test.autoconfigure.web.servlet.MockMvcPrintOnlyOnFailureTestExecutionListener@1c7b2f88, org.springframework.boot.test.autoconfigure.web.servlet.WebDriverTestExecutionListener@455d2f9, org.springframework.boot.test.mock.mockito.ResetMocksTestExecutionListener@763d8de7]

  .   ____          _            __ _ _
 /\\ / ___'_ __ _ _(_)_ __  __ _ \ \ \ \
( ( )\___ | '_ | '_| | '_ \/ _` | \ \ \ \
 \\/  ___)| |_)| | | | | || (_| |  ) ) ) )
  '  |____| .__|_| |_|_| |_\__, | / / / /
 =========|_|==============|___/=/_/_/_/
 :: Spring Boot ::        (v2.1.7.RELEASE)

2020-08-31 17:52:43.901  INFO 8608 --- [    Test worker] c.m.springboot.web.HelloControllerTest   : Starting HelloControllerTest on DESKTOP-9RD3H0Q with PID 8608 (started by azure in C:\Project\my-webservice)
2020-08-31 17:52:43.902  INFO 8608 --- [    Test worker] c.m.springboot.web.HelloControllerTest   : No active profile set, falling back to default profiles: default
2020-08-31 17:52:44.299  INFO 8608 --- [    Test worker] o.s.s.concurrent.ThreadPoolTaskExecutor  : Initializing ExecutorService 'applicationTaskExecutor'
2020-08-31 17:52:44.326  INFO 8608 --- [    Test worker] o.s.b.a.w.s.WelcomePageHandlerMapping    : Adding welcome page template: index
2020-08-31 17:52:44.516  INFO 8608 --- [    Test worker] .s.s.UserDetailsServiceAutoConfiguration : 

Using generated security password: 71acac54-b103-4864-a013-8100884b47a7

2020-08-31 17:52:44.641  INFO 8608 --- [    Test worker] o.s.s.web.DefaultSecurityFilterChain     : Creating filter chain: any request, [org.springframework.security.web.context.request.async.WebAsyncManagerIntegrationFilter@47739501, org.springframework.security.web.context.SecurityContextPersistenceFilter@28508818, org.springframework.security.web.header.HeaderWriterFilter@8efa2d0, org.springframework.security.web.csrf.CsrfFilter@8b2c286, org.springframework.security.web.authentication.logout.LogoutFilter@1015672a, org.springframework.security.web.authentication.UsernamePasswordAuthenticationFilter@c91f2c, org.springframework.security.web.authentication.ui.DefaultLoginPageGeneratingFilter@2f1a14f1, org.springframework.security.web.authentication.ui.DefaultLogoutPageGeneratingFilter@255eb2d0, org.springframework.security.web.authentication.www.BasicAuthenticationFilter@4275465d, org.springframework.security.web.savedrequest.RequestCacheAwareFilter@73559434, org.springframework.security.web.servletapi.SecurityContextHolderAwareRequestFilter@65951ac, org.springframework.security.web.authentication.AnonymousAuthenticationFilter@4df14f88, org.springframework.security.web.session.SessionManagementFilter@1657e7b9, org.springframework.security.web.access.ExceptionTranslationFilter@55a1cfe1, org.springframework.security.web.access.intercept.FilterSecurityInterceptor@55e90cb8]
2020-08-31 17:52:44.670  INFO 8608 --- [    Test worker] o.s.b.t.m.w.SpringBootMockServletContext : Initializing Spring TestDispatcherServlet ''
2020-08-31 17:52:44.671  INFO 8608 --- [    Test worker] o.s.t.web.servlet.TestDispatcherServlet  : Initializing Servlet ''
2020-08-31 17:52:44.681  INFO 8608 --- [    Test worker] o.s.t.web.servlet.TestDispatcherServlet  : Completed initialization in 10 ms
2020-08-31 17:52:44.704  INFO 8608 --- [    Test worker] c.m.springboot.web.HelloControllerTest   : Started HelloControllerTest in 0.83 seconds (JVM running for 7.886)
]]></system-out>
  <system-err><![CDATA[]]></system-err>
</testsuite>
