<?xml version="1.0" encoding="UTF-8"?>
<testsuite name="com.minsu.springboot.web.IndexControllerTest" tests="1" skipped="0" failures="0" errors="0" timestamp="2020-08-31T10:40:59" hostname="DESKTOP-9RD3H0Q" time="0.148">
  <properties/>
  <testcase name="메인페이지_로딩" classname="com.minsu.springboot.web.IndexControllerTest" time="0.148"/>
  <system-out><![CDATA[2020-08-31 19:40:58.248  INFO 22112 --- [    Test worker] .b.t.c.SpringBootTestContextBootstrapper : Neither @ContextConfiguration nor @ContextHierarchy found for test class [com.minsu.springboot.web.IndexControllerTest], using SpringBootContextLoader
2020-08-31 19:40:58.249  INFO 22112 --- [    Test worker] o.s.t.c.support.AbstractContextLoader    : Could not detect default resource locations for test class [com.minsu.springboot.web.IndexControllerTest]: no resource found for suffixes {-context.xml, Context.groovy}.
2020-08-31 19:40:58.249  INFO 22112 --- [    Test worker] t.c.s.AnnotationConfigContextLoaderUtils : Could not detect default configuration classes for test class [com.minsu.springboot.web.IndexControllerTest]: IndexControllerTest does not declare any static, non-private, non-final, nested classes annotated with @Configuration.
2020-08-31 19:40:58.250  INFO 22112 --- [    Test worker] .b.t.c.SpringBootTestContextBootstrapper : Found @SpringBootConfiguration com.minsu.springboot.Application for test class com.minsu.springboot.web.IndexControllerTest
2020-08-31 19:40:58.251  INFO 22112 --- [    Test worker] .b.t.c.SpringBootTestContextBootstrapper : Loaded default TestExecutionListener class names from location [META-INF/spring.factories]: [org.springframework.security.test.context.support.WithSecurityContextTestExecutionListener, org.springframework.security.test.context.support.ReactorContextTestExecutionListener, org.springframework.boot.test.autoconfigure.restdocs.RestDocsTestExecutionListener, org.springframework.boot.test.autoconfigure.web.client.MockRestServiceServerResetTestExecutionListener, org.springframework.boot.test.autoconfigure.web.servlet.MockMvcPrintOnlyOnFailureTestExecutionListener, org.springframework.boot.test.autoconfigure.web.servlet.WebDriverTestExecutionListener, org.springframework.boot.test.mock.mockito.MockitoTestExecutionListener, org.springframework.boot.test.mock.mockito.ResetMocksTestExecutionListener, org.springframework.test.context.web.ServletTestExecutionListener, org.springframework.test.context.support.DirtiesContextBeforeModesTestExecutionListener, org.springframework.test.context.support.DependencyInjectionTestExecutionListener, org.springframework.test.context.support.DirtiesContextTestExecutionListener, org.springframework.test.context.transaction.TransactionalTestExecutionListener, org.springframework.test.context.jdbc.SqlScriptsTestExecutionListener]
2020-08-31 19:40:58.251  INFO 22112 --- [    Test worker] .b.t.c.SpringBootTestContextBootstrapper : Using TestExecutionListeners: [org.springframework.test.context.web.ServletTestExecutionListener@3fb7a536, org.springframework.test.context.support.DirtiesContextBeforeModesTestExecutionListener@cb06103, org.springframework.boot.test.mock.mockito.MockitoTestExecutionListener@5f4584bb, org.springframework.boot.test.autoconfigure.SpringBootDependencyInjectionTestExecutionListener@5ad34c9b, org.springframework.test.context.support.DirtiesContextTestExecutionListener@58cfdce2, org.springframework.test.context.transaction.TransactionalTestExecutionListener@57f81681, org.springframework.test.context.jdbc.SqlScriptsTestExecutionListener@246b3099, org.springframework.security.test.context.support.WithSecurityContextTestExecutionListener@649c171b, org.springframework.security.test.context.support.ReactorContextTestExecutionListener@4292ffa6, org.springframework.boot.test.autoconfigure.restdocs.RestDocsTestExecutionListener@55c9a56b, org.springframework.boot.test.autoconfigure.web.client.MockRestServiceServerResetTestExecutionListener@285bb8b3, org.springframework.boot.test.autoconfigure.web.servlet.MockMvcPrintOnlyOnFailureTestExecutionListener@2cfb566c, org.springframework.boot.test.autoconfigure.web.servlet.WebDriverTestExecutionListener@7941e39a, org.springframework.boot.test.mock.mockito.ResetMocksTestExecutionListener@61bbf324]

  .   ____          _            __ _ _
 /\\ / ___'_ __ _ _(_)_ __  __ _ \ \ \ \
( ( )\___ | '_ | '_| | '_ \/ _` | \ \ \ \
 \\/  ___)| |_)| | | | | || (_| |  ) ) ) )
  '  |____| .__|_| |_|_| |_\__, | / / / /
 =========|_|==============|___/=/_/_/_/
 :: Spring Boot ::        (v2.1.7.RELEASE)

2020-08-31 19:40:58.279  INFO 22112 --- [    Test worker] c.m.springboot.web.IndexControllerTest   : Starting IndexControllerTest on DESKTOP-9RD3H0Q with PID 22112 (started by azure in C:\Project\my-webservice)
2020-08-31 19:40:58.280  INFO 22112 --- [    Test worker] c.m.springboot.web.IndexControllerTest   : No active profile set, falling back to default profiles: default
2020-08-31 19:40:58.464  INFO 22112 --- [    Test worker] .s.d.r.c.RepositoryConfigurationDelegate : Bootstrapping Spring Data repositories in DEFAULT mode.
2020-08-31 19:40:58.491  INFO 22112 --- [    Test worker] .s.d.r.c.RepositoryConfigurationDelegate : Finished Spring Data repository scanning in 26ms. Found 2 repository interfaces.
2020-08-31 19:40:58.572  INFO 22112 --- [    Test worker] trationDelegate$BeanPostProcessorChecker : Bean 'org.springframework.transaction.annotation.ProxyTransactionManagementConfiguration' of type [org.springframework.transaction.annotation.ProxyTransactionManagementConfiguration$$EnhancerBySpringCGLIB$$ba1e2172] is not eligible for getting processed by all BeanPostProcessors (for example: not eligible for auto-proxying)
2020-08-31 19:40:58.775  INFO 22112 --- [    Test worker] o.s.b.w.embedded.tomcat.TomcatWebServer  : Tomcat initialized with port(s): 0 (http)
2020-08-31 19:40:58.798  INFO 22112 --- [    Test worker] o.apache.catalina.core.StandardService   : Starting service [Tomcat]
2020-08-31 19:40:58.798  INFO 22112 --- [    Test worker] org.apache.catalina.core.StandardEngine  : Starting Servlet engine: [Apache Tomcat/9.0.22]
2020-08-31 19:40:58.949  INFO 22112 --- [    Test worker] o.a.c.c.C.[Tomcat].[localhost].[/]       : Initializing Spring embedded WebApplicationContext
2020-08-31 19:40:58.949  INFO 22112 --- [    Test worker] o.s.web.context.ContextLoader            : Root WebApplicationContext: initialization completed in 668 ms
2020-08-31 19:40:59.081  INFO 22112 --- [    Test worker] com.zaxxer.hikari.HikariDataSource       : HikariPool-2 - Starting...
2020-08-31 19:40:59.082  INFO 22112 --- [    Test worker] com.zaxxer.hikari.HikariDataSource       : HikariPool-2 - Start completed.
2020-08-31 19:40:59.114  INFO 22112 --- [    Test worker] o.hibernate.jpa.internal.util.LogHelper  : HHH000204: Processing PersistenceUnitInfo [
	name: default
	...]
2020-08-31 19:40:59.124  INFO 22112 --- [    Test worker] org.hibernate.dialect.Dialect            : HHH000400: Using dialect: org.hibernate.dialect.MySQL5InnoDBDialect
Hibernate: drop table if exists posts
Hibernate: drop table if exists user
Hibernate: create table posts (id bigint not null auto_increment, created_date datetime, modified_date datetime, author varchar(255), content TEXT not null, title varchar(500) not null, primary key (id)) engine=InnoDB
Hibernate: create table user (id bigint not null auto_increment, email varchar(255) not null, name varchar(255) not null, picture varchar(255), role varchar(255) not null, primary key (id)) engine=InnoDB
2020-08-31 19:40:59.166  INFO 22112 --- [    Test worker] o.h.t.schema.internal.SchemaCreatorImpl  : HHH000476: Executing import script 'org.hibernate.tool.schema.internal.exec.ScriptSourceInputNonExistentImpl@1839c825'
2020-08-31 19:40:59.167  INFO 22112 --- [    Test worker] j.LocalContainerEntityManagerFactoryBean : Initialized JPA EntityManagerFactory for persistence unit 'default'
2020-08-31 19:40:59.426  INFO 22112 --- [    Test worker] o.h.h.i.QueryTranslatorFactoryInitiator  : HHH000397: Using ASTQueryTranslatorFactory
2020-08-31 19:40:59.555  INFO 22112 --- [    Test worker] o.s.s.web.DefaultSecurityFilterChain     : Creating filter chain: any request, [org.springframework.security.web.context.request.async.WebAsyncManagerIntegrationFilter@721059dc, org.springframework.security.web.context.SecurityContextPersistenceFilter@2f0d891c, org.springframework.security.web.header.HeaderWriterFilter@565d3964, org.springframework.security.web.authentication.logout.LogoutFilter@28dcfc43, org.springframework.security.oauth2.client.web.OAuth2AuthorizationRequestRedirectFilter@263eda0, org.springframework.security.oauth2.client.web.OAuth2LoginAuthenticationFilter@5e1535f8, org.springframework.security.web.authentication.ui.DefaultLoginPageGeneratingFilter@6bdadd4d, org.springframework.security.web.authentication.ui.DefaultLogoutPageGeneratingFilter@3d3e46c2, org.springframework.security.web.savedrequest.RequestCacheAwareFilter@12b3772e, org.springframework.security.web.servletapi.SecurityContextHolderAwareRequestFilter@2d9afa05, org.springframework.security.web.authentication.AnonymousAuthenticationFilter@202db228, org.springframework.security.web.session.SessionManagementFilter@60e4cc4f, org.springframework.security.web.access.ExceptionTranslationFilter@c8620ab, org.springframework.security.web.access.intercept.FilterSecurityInterceptor@6b6490ac]
2020-08-31 19:40:59.701  INFO 22112 --- [    Test worker] o.s.s.concurrent.ThreadPoolTaskExecutor  : Initializing ExecutorService 'applicationTaskExecutor'
2020-08-31 19:40:59.711  WARN 22112 --- [    Test worker] aWebConfiguration$JpaWebMvcConfiguration : spring.jpa.open-in-view is enabled by default. Therefore, database queries may be performed during view rendering. Explicitly configure spring.jpa.open-in-view to disable this warning
2020-08-31 19:40:59.732  INFO 22112 --- [    Test worker] o.s.b.a.w.s.WelcomePageHandlerMapping    : Adding welcome page template: index
2020-08-31 19:40:59.959  INFO 22112 --- [    Test worker] s.a.ScheduledAnnotationBeanPostProcessor : No TaskScheduler/ScheduledExecutorService bean found for scheduled processing
2020-08-31 19:40:59.973  INFO 22112 --- [    Test worker] o.s.b.w.embedded.tomcat.TomcatWebServer  : Tomcat started on port(s): 54627 (http) with context path ''
2020-08-31 19:40:59.974  INFO 22112 --- [    Test worker] c.m.springboot.web.IndexControllerTest   : Started IndexControllerTest in 1.722 seconds (JVM running for 9.679)
2020-08-31 19:41:00.051  INFO 22112 --- [o-auto-1-exec-1] o.a.c.c.C.[Tomcat].[localhost].[/]       : Initializing Spring DispatcherServlet 'dispatcherServlet'
2020-08-31 19:41:00.051  INFO 22112 --- [o-auto-1-exec-1] o.s.web.servlet.DispatcherServlet        : Initializing Servlet 'dispatcherServlet'
2020-08-31 19:41:00.067  INFO 22112 --- [o-auto-1-exec-1] o.s.web.servlet.DispatcherServlet        : Completed initialization in 16 ms
Hibernate: select posts0_.id as id1_0_, posts0_.created_date as created_2_0_, posts0_.modified_date as modified3_0_, posts0_.author as author4_0_, posts0_.content as content5_0_, posts0_.title as title6_0_ from posts posts0_ order by posts0_.id DESC
]]></system-out>
  <system-err><![CDATA[]]></system-err>
</testsuite>
