<?xml version="1.0" encoding="UTF-8"?>
<testsuite name="com.minsu.springboot.web.ProfileControllerTest" tests="1" skipped="0" failures="0" errors="0" timestamp="2020-09-09T17:58:39" hostname="DESKTOP-9RD3H0Q" time="0.011">
  <properties/>
  <testcase name="profile은_인증없이_호출된다" classname="com.minsu.springboot.web.ProfileControllerTest" time="0.011"/>
  <system-out><![CDATA[2020-09-10 02:58:39.211  INFO 26804 --- [    Test worker] .b.t.c.SpringBootTestContextBootstrapper : Neither @ContextConfiguration nor @ContextHierarchy found for test class [com.minsu.springboot.web.ProfileControllerTest], using SpringBootContextLoader
2020-09-10 02:58:39.212  INFO 26804 --- [    Test worker] o.s.t.c.support.AbstractContextLoader    : Could not detect default resource locations for test class [com.minsu.springboot.web.ProfileControllerTest]: no resource found for suffixes {-context.xml, Context.groovy}.
2020-09-10 02:58:39.212  INFO 26804 --- [    Test worker] t.c.s.AnnotationConfigContextLoaderUtils : Could not detect default configuration classes for test class [com.minsu.springboot.web.ProfileControllerTest]: ProfileControllerTest does not declare any static, non-private, non-final, nested classes annotated with @Configuration.
2020-09-10 02:58:39.213  INFO 26804 --- [    Test worker] .b.t.c.SpringBootTestContextBootstrapper : Found @SpringBootConfiguration com.minsu.springboot.Application for test class com.minsu.springboot.web.ProfileControllerTest
2020-09-10 02:58:39.214  INFO 26804 --- [    Test worker] .b.t.c.SpringBootTestContextBootstrapper : Loaded default TestExecutionListener class names from location [META-INF/spring.factories]: [org.springframework.security.test.context.support.WithSecurityContextTestExecutionListener, org.springframework.security.test.context.support.ReactorContextTestExecutionListener, org.springframework.boot.test.autoconfigure.restdocs.RestDocsTestExecutionListener, org.springframework.boot.test.autoconfigure.web.client.MockRestServiceServerResetTestExecutionListener, org.springframework.boot.test.autoconfigure.web.servlet.MockMvcPrintOnlyOnFailureTestExecutionListener, org.springframework.boot.test.autoconfigure.web.servlet.WebDriverTestExecutionListener, org.springframework.boot.test.mock.mockito.MockitoTestExecutionListener, org.springframework.boot.test.mock.mockito.ResetMocksTestExecutionListener, org.springframework.test.context.web.ServletTestExecutionListener, org.springframework.test.context.support.DirtiesContextBeforeModesTestExecutionListener, org.springframework.test.context.support.DependencyInjectionTestExecutionListener, org.springframework.test.context.support.DirtiesContextTestExecutionListener, org.springframework.test.context.transaction.TransactionalTestExecutionListener, org.springframework.test.context.jdbc.SqlScriptsTestExecutionListener]
2020-09-10 02:58:39.214  INFO 26804 --- [    Test worker] .b.t.c.SpringBootTestContextBootstrapper : Using TestExecutionListeners: [org.springframework.test.context.web.ServletTestExecutionListener@204e5b34, org.springframework.test.context.support.DirtiesContextBeforeModesTestExecutionListener@6d048c7b, org.springframework.boot.test.mock.mockito.MockitoTestExecutionListener@298b5d3a, org.springframework.boot.test.autoconfigure.SpringBootDependencyInjectionTestExecutionListener@46d359e6, org.springframework.test.context.support.DirtiesContextTestExecutionListener@14163df3, org.springframework.test.context.transaction.TransactionalTestExecutionListener@5d380c5e, org.springframework.test.context.jdbc.SqlScriptsTestExecutionListener@2e29e84e, org.springframework.security.test.context.support.WithSecurityContextTestExecutionListener@72e99804, org.springframework.security.test.context.support.ReactorContextTestExecutionListener@57b5da0f, org.springframework.boot.test.autoconfigure.restdocs.RestDocsTestExecutionListener@4a72765b, org.springframework.boot.test.autoconfigure.web.client.MockRestServiceServerResetTestExecutionListener@2b789cc3, org.springframework.boot.test.autoconfigure.web.servlet.MockMvcPrintOnlyOnFailureTestExecutionListener@15ef1810, org.springframework.boot.test.autoconfigure.web.servlet.WebDriverTestExecutionListener@6c73dd00, org.springframework.boot.test.mock.mockito.ResetMocksTestExecutionListener@35eaae7b]
]]></system-out>
  <system-err><![CDATA[]]></system-err>
</testsuite>
