<?xml version="1.0" encoding="UTF-8"?>
<testsuite name="com.minsu.springboot.web.HelloControllerTest" tests="2" skipped="0" failures="0" errors="0" timestamp="2020-08-31T11:30:43" hostname="DESKTOP-9RD3H0Q" time="0.127">
  <properties/>
  <testcase name="hello가_리턴" classname="com.minsu.springboot.web.HelloControllerTest" time="0.054"/>
  <testcase name="helloDto가_리턴" classname="com.minsu.springboot.web.HelloControllerTest" time="0.072"/>
  <system-out><![CDATA[2020-08-31 20:30:42.229  INFO 2972 --- [    Test worker] .b.t.a.w.s.WebMvcTestContextBootstrapper : Neither @ContextConfiguration nor @ContextHierarchy found for test class [com.minsu.springboot.web.HelloControllerTest], using SpringBootContextLoader
2020-08-31 20:30:42.230  INFO 2972 --- [    Test worker] o.s.t.c.support.AbstractContextLoader    : Could not detect default resource locations for test class [com.minsu.springboot.web.HelloControllerTest]: no resource found for suffixes {-context.xml, Context.groovy}.
2020-08-31 20:30:42.230  INFO 2972 --- [    Test worker] t.c.s.AnnotationConfigContextLoaderUtils : Could not detect default configuration classes for test class [com.minsu.springboot.web.HelloControllerTest]: HelloControllerTest does not declare any static, non-private, non-final, nested classes annotated with @Configuration.
2020-08-31 20:30:42.252  INFO 2972 --- [    Test worker] .b.t.c.SpringBootTestContextBootstrapper : Found @SpringBootConfiguration com.minsu.springboot.Application for test class com.minsu.springboot.web.HelloControllerTest
2020-08-31 20:30:42.253  INFO 2972 --- [    Test worker] .b.t.a.w.s.WebMvcTestContextBootstrapper : Loaded default TestExecutionListener class names from location [META-INF/spring.factories]: [org.springframework.security.test.context.support.WithSecurityContextTestExecutionListener, org.springframework.security.test.context.support.ReactorContextTestExecutionListener, org.springframework.boot.test.autoconfigure.restdocs.RestDocsTestExecutionListener, org.springframework.boot.test.autoconfigure.web.client.MockRestServiceServerResetTestExecutionListener, org.springframework.boot.test.autoconfigure.web.servlet.MockMvcPrintOnlyOnFailureTestExecutionListener, org.springframework.boot.test.autoconfigure.web.servlet.WebDriverTestExecutionListener, org.springframework.boot.test.mock.mockito.MockitoTestExecutionListener, org.springframework.boot.test.mock.mockito.ResetMocksTestExecutionListener, org.springframework.test.context.web.ServletTestExecutionListener, org.springframework.test.context.support.DirtiesContextBeforeModesTestExecutionListener, org.springframework.test.context.support.DependencyInjectionTestExecutionListener, org.springframework.test.context.support.DirtiesContextTestExecutionListener, org.springframework.test.context.transaction.TransactionalTestExecutionListener, org.springframework.test.context.jdbc.SqlScriptsTestExecutionListener]
2020-08-31 20:30:42.253  INFO 2972 --- [    Test worker] .b.t.a.w.s.WebMvcTestContextBootstrapper : Using TestExecutionListeners: [org.springframework.test.context.web.ServletTestExecutionListener@3895c911, org.springframework.test.context.support.DirtiesContextBeforeModesTestExecutionListener@f768a06, org.springframework.boot.test.mock.mockito.MockitoTestExecutionListener@4838ca82, org.springframework.boot.test.autoconfigure.SpringBootDependencyInjectionTestExecutionListener@414af3d8, org.springframework.test.context.support.DirtiesContextTestExecutionListener@578167a1, org.springframework.test.context.transaction.TransactionalTestExecutionListener@6c9cf1ed, org.springframework.test.context.jdbc.SqlScriptsTestExecutionListener@62fe4a26, org.springframework.security.test.context.support.WithSecurityContextTestExecutionListener@743ca192, org.springframework.security.test.context.support.ReactorContextTestExecutionListener@28dc7cdb, org.springframework.boot.test.autoconfigure.restdocs.RestDocsTestExecutionListener@2344f3b4, org.springframework.boot.test.autoconfigure.web.client.MockRestServiceServerResetTestExecutionListener@337b3280, org.springframework.boot.test.autoconfigure.web.servlet.MockMvcPrintOnlyOnFailureTestExecutionListener@22da354c, org.springframework.boot.test.autoconfigure.web.servlet.WebDriverTestExecutionListener@692bbf68, org.springframework.boot.test.mock.mockito.ResetMocksTestExecutionListener@6d7638aa]

  .   ____          _            __ _ _
 /\\ / ___'_ __ _ _(_)_ __  __ _ \ \ \ \
( ( )\___ | '_ | '_| | '_ \/ _` | \ \ \ \
 \\/  ___)| |_)| | | | | || (_| |  ) ) ) )
  '  |____| .__|_| |_|_| |_\__, | / / / /
 =========|_|==============|___/=/_/_/_/
 :: Spring Boot ::        (v2.1.7.RELEASE)

2020-08-31 20:30:42.281  INFO 2972 --- [    Test worker] c.m.springboot.web.HelloControllerTest   : Starting HelloControllerTest on DESKTOP-9RD3H0Q with PID 2972 (started by azure in C:\Project\my-webservice)
2020-08-31 20:30:42.281  INFO 2972 --- [    Test worker] c.m.springboot.web.HelloControllerTest   : No active profile set, falling back to default profiles: default
2020-08-31 20:30:42.654  INFO 2972 --- [    Test worker] o.s.s.concurrent.ThreadPoolTaskExecutor  : Initializing ExecutorService 'applicationTaskExecutor'
2020-08-31 20:30:42.682  INFO 2972 --- [    Test worker] o.s.b.a.w.s.WelcomePageHandlerMapping    : Adding welcome page template: index
2020-08-31 20:30:42.864  INFO 2972 --- [    Test worker] .s.s.UserDetailsServiceAutoConfiguration : 

Using generated security password: 327f71c5-064e-455d-9e93-ac64f883a1c7

2020-08-31 20:30:42.991  INFO 2972 --- [    Test worker] o.s.s.web.DefaultSecurityFilterChain     : Creating filter chain: any request, [org.springframework.security.web.context.request.async.WebAsyncManagerIntegrationFilter@c91f2c, org.springframework.security.web.context.SecurityContextPersistenceFilter@7e746ce1, org.springframework.security.web.header.HeaderWriterFilter@22ee3a6d, org.springframework.security.web.csrf.CsrfFilter@3848ee70, org.springframework.security.web.authentication.logout.LogoutFilter@28508818, org.springframework.security.web.authentication.UsernamePasswordAuthenticationFilter@5c0d9936, org.springframework.security.web.authentication.ui.DefaultLoginPageGeneratingFilter@55a1cfe1, org.springframework.security.web.authentication.ui.DefaultLogoutPageGeneratingFilter@9af3ccd, org.springframework.security.web.authentication.www.BasicAuthenticationFilter@6e7e0a6a, org.springframework.security.web.savedrequest.RequestCacheAwareFilter@8b2c286, org.springframework.security.web.servletapi.SecurityContextHolderAwareRequestFilter@5b5cbcaf, org.springframework.security.web.authentication.AnonymousAuthenticationFilter@179c4ac8, org.springframework.security.web.session.SessionManagementFilter@5daa7b2e, org.springframework.security.web.access.ExceptionTranslationFilter@1cbd41a8, org.springframework.security.web.access.intercept.FilterSecurityInterceptor@3a64942]
2020-08-31 20:30:43.020  INFO 2972 --- [    Test worker] o.s.b.t.m.w.SpringBootMockServletContext : Initializing Spring TestDispatcherServlet ''
2020-08-31 20:30:43.021  INFO 2972 --- [    Test worker] o.s.t.web.servlet.TestDispatcherServlet  : Initializing Servlet ''
2020-08-31 20:30:43.031  INFO 2972 --- [    Test worker] o.s.t.web.servlet.TestDispatcherServlet  : Completed initialization in 10 ms
2020-08-31 20:30:43.053  INFO 2972 --- [    Test worker] c.m.springboot.web.HelloControllerTest   : Started HelloControllerTest in 0.798 seconds (JVM running for 7.528)
]]></system-out>
  <system-err><![CDATA[]]></system-err>
</testsuite>
