<?xml version="1.0" encoding="UTF-8"?>
<testsuite name="com.minsu.springboot.web.HelloControllerTest" tests="2" skipped="0" failures="0" errors="0" timestamp="2020-08-29T15:20:46" hostname="DESKTOP-9RD3H0Q" time="0.142">
  <properties/>
  <testcase name="hello가_리턴" classname="com.minsu.springboot.web.HelloControllerTest" time="0.062"/>
  <testcase name="helloDto가_리턴" classname="com.minsu.springboot.web.HelloControllerTest" time="0.08"/>
  <system-out><![CDATA[2020-08-30 00:20:45.522  INFO 25464 --- [    Test worker] .b.t.a.w.s.WebMvcTestContextBootstrapper : Neither @ContextConfiguration nor @ContextHierarchy found for test class [com.minsu.springboot.web.HelloControllerTest], using SpringBootContextLoader
2020-08-30 00:20:45.523  INFO 25464 --- [    Test worker] o.s.t.c.support.AbstractContextLoader    : Could not detect default resource locations for test class [com.minsu.springboot.web.HelloControllerTest]: no resource found for suffixes {-context.xml, Context.groovy}.
2020-08-30 00:20:45.523  INFO 25464 --- [    Test worker] t.c.s.AnnotationConfigContextLoaderUtils : Could not detect default configuration classes for test class [com.minsu.springboot.web.HelloControllerTest]: HelloControllerTest does not declare any static, non-private, non-final, nested classes annotated with @Configuration.
2020-08-30 00:20:45.544  INFO 25464 --- [    Test worker] .b.t.c.SpringBootTestContextBootstrapper : Found @SpringBootConfiguration com.minsu.springboot.Application for test class com.minsu.springboot.web.HelloControllerTest
2020-08-30 00:20:45.544  INFO 25464 --- [    Test worker] .b.t.a.w.s.WebMvcTestContextBootstrapper : Loaded default TestExecutionListener class names from location [META-INF/spring.factories]: [org.springframework.security.test.context.support.WithSecurityContextTestExecutionListener, org.springframework.security.test.context.support.ReactorContextTestExecutionListener, org.springframework.boot.test.autoconfigure.restdocs.RestDocsTestExecutionListener, org.springframework.boot.test.autoconfigure.web.client.MockRestServiceServerResetTestExecutionListener, org.springframework.boot.test.autoconfigure.web.servlet.MockMvcPrintOnlyOnFailureTestExecutionListener, org.springframework.boot.test.autoconfigure.web.servlet.WebDriverTestExecutionListener, org.springframework.boot.test.mock.mockito.MockitoTestExecutionListener, org.springframework.boot.test.mock.mockito.ResetMocksTestExecutionListener, org.springframework.test.context.web.ServletTestExecutionListener, org.springframework.test.context.support.DirtiesContextBeforeModesTestExecutionListener, org.springframework.test.context.support.DependencyInjectionTestExecutionListener, org.springframework.test.context.support.DirtiesContextTestExecutionListener, org.springframework.test.context.transaction.TransactionalTestExecutionListener, org.springframework.test.context.jdbc.SqlScriptsTestExecutionListener]
2020-08-30 00:20:45.545  INFO 25464 --- [    Test worker] .b.t.a.w.s.WebMvcTestContextBootstrapper : Using TestExecutionListeners: [org.springframework.test.context.web.ServletTestExecutionListener@dc051ba, org.springframework.test.context.support.DirtiesContextBeforeModesTestExecutionListener@658a9bee, org.springframework.boot.test.mock.mockito.MockitoTestExecutionListener@2765a7b6, org.springframework.boot.test.autoconfigure.SpringBootDependencyInjectionTestExecutionListener@20864202, org.springframework.test.context.support.DirtiesContextTestExecutionListener@2fc49a29, org.springframework.test.context.transaction.TransactionalTestExecutionListener@1ea031d4, org.springframework.test.context.jdbc.SqlScriptsTestExecutionListener@14f26da1, org.springframework.security.test.context.support.WithSecurityContextTestExecutionListener@6f6bb6f, org.springframework.security.test.context.support.ReactorContextTestExecutionListener@d687c4a, org.springframework.boot.test.autoconfigure.restdocs.RestDocsTestExecutionListener@12d9d2a2, org.springframework.boot.test.autoconfigure.web.client.MockRestServiceServerResetTestExecutionListener@15412a3d, org.springframework.boot.test.autoconfigure.web.servlet.MockMvcPrintOnlyOnFailureTestExecutionListener@26dfc639, org.springframework.boot.test.autoconfigure.web.servlet.WebDriverTestExecutionListener@689b7484, org.springframework.boot.test.mock.mockito.ResetMocksTestExecutionListener@340bf7f7]

  .   ____          _            __ _ _
 /\\ / ___'_ __ _ _(_)_ __  __ _ \ \ \ \
( ( )\___ | '_ | '_| | '_ \/ _` | \ \ \ \
 \\/  ___)| |_)| | | | | || (_| |  ) ) ) )
  '  |____| .__|_| |_|_| |_\__, | / / / /
 =========|_|==============|___/=/_/_/_/
 :: Spring Boot ::        (v2.1.7.RELEASE)

2020-08-30 00:20:45.576  INFO 25464 --- [    Test worker] c.m.springboot.web.HelloControllerTest   : Starting HelloControllerTest on DESKTOP-9RD3H0Q with PID 25464 (started by azure in C:\Project\my-webservice)
2020-08-30 00:20:45.577  INFO 25464 --- [    Test worker] c.m.springboot.web.HelloControllerTest   : No active profile set, falling back to default profiles: default
2020-08-30 00:20:45.952  INFO 25464 --- [    Test worker] o.s.s.concurrent.ThreadPoolTaskExecutor  : Initializing ExecutorService 'applicationTaskExecutor'
2020-08-30 00:20:45.981  INFO 25464 --- [    Test worker] o.s.b.a.w.s.WelcomePageHandlerMapping    : Adding welcome page template: index
2020-08-30 00:20:46.170  INFO 25464 --- [    Test worker] .s.s.UserDetailsServiceAutoConfiguration : 

Using generated security password: 16d47b59-3997-46cb-9a3e-14df0e76c5dc

2020-08-30 00:20:46.288  INFO 25464 --- [    Test worker] o.s.s.web.DefaultSecurityFilterChain     : Creating filter chain: any request, [org.springframework.security.web.context.request.async.WebAsyncManagerIntegrationFilter@59ba30ff, org.springframework.security.web.context.SecurityContextPersistenceFilter@f2adaf9, org.springframework.security.web.header.HeaderWriterFilter@8bd6e49, org.springframework.security.web.csrf.CsrfFilter@7ffaa8eb, org.springframework.security.web.authentication.logout.LogoutFilter@2e772635, org.springframework.security.web.authentication.UsernamePasswordAuthenticationFilter@518fc8d3, org.springframework.security.web.authentication.ui.DefaultLoginPageGeneratingFilter@735366cf, org.springframework.security.web.authentication.ui.DefaultLogoutPageGeneratingFilter@2a57d1e3, org.springframework.security.web.authentication.www.BasicAuthenticationFilter@389a0723, org.springframework.security.web.savedrequest.RequestCacheAwareFilter@63b4218a, org.springframework.security.web.servletapi.SecurityContextHolderAwareRequestFilter@18c493, org.springframework.security.web.authentication.AnonymousAuthenticationFilter@421c6895, org.springframework.security.web.session.SessionManagementFilter@222a3245, org.springframework.security.web.access.ExceptionTranslationFilter@5b36f89e, org.springframework.security.web.access.intercept.FilterSecurityInterceptor@45a0f355]
2020-08-30 00:20:46.316  INFO 25464 --- [    Test worker] o.s.b.t.m.w.SpringBootMockServletContext : Initializing Spring TestDispatcherServlet ''
2020-08-30 00:20:46.316  INFO 25464 --- [    Test worker] o.s.t.web.servlet.TestDispatcherServlet  : Initializing Servlet ''
2020-08-30 00:20:46.327  INFO 25464 --- [    Test worker] o.s.t.web.servlet.TestDispatcherServlet  : Completed initialization in 11 ms
2020-08-30 00:20:46.350  INFO 25464 --- [    Test worker] c.m.springboot.web.HelloControllerTest   : Started HelloControllerTest in 0.803 seconds (JVM running for 7.741)
]]></system-out>
  <system-err><![CDATA[]]></system-err>
</testsuite>
