<?xml version="1.0" encoding="UTF-8"?>
<testsuite name="com.minsu.springboot.web.HelloControllerTest" tests="2" skipped="0" failures="0" errors="0" timestamp="2020-08-31T10:40:58" hostname="DESKTOP-9RD3H0Q" time="0.132">
  <properties/>
  <testcase name="hello가_리턴" classname="com.minsu.springboot.web.HelloControllerTest" time="0.056"/>
  <testcase name="helloDto가_리턴" classname="com.minsu.springboot.web.HelloControllerTest" time="0.075"/>
  <system-out><![CDATA[2020-08-31 19:40:57.244  INFO 22112 --- [    Test worker] .b.t.a.w.s.WebMvcTestContextBootstrapper : Neither @ContextConfiguration nor @ContextHierarchy found for test class [com.minsu.springboot.web.HelloControllerTest], using SpringBootContextLoader
2020-08-31 19:40:57.245  INFO 22112 --- [    Test worker] o.s.t.c.support.AbstractContextLoader    : Could not detect default resource locations for test class [com.minsu.springboot.web.HelloControllerTest]: no resource found for suffixes {-context.xml, Context.groovy}.
2020-08-31 19:40:57.245  INFO 22112 --- [    Test worker] t.c.s.AnnotationConfigContextLoaderUtils : Could not detect default configuration classes for test class [com.minsu.springboot.web.HelloControllerTest]: HelloControllerTest does not declare any static, non-private, non-final, nested classes annotated with @Configuration.
2020-08-31 19:40:57.265  INFO 22112 --- [    Test worker] .b.t.c.SpringBootTestContextBootstrapper : Found @SpringBootConfiguration com.minsu.springboot.Application for test class com.minsu.springboot.web.HelloControllerTest
2020-08-31 19:40:57.265  INFO 22112 --- [    Test worker] .b.t.a.w.s.WebMvcTestContextBootstrapper : Loaded default TestExecutionListener class names from location [META-INF/spring.factories]: [org.springframework.security.test.context.support.WithSecurityContextTestExecutionListener, org.springframework.security.test.context.support.ReactorContextTestExecutionListener, org.springframework.boot.test.autoconfigure.restdocs.RestDocsTestExecutionListener, org.springframework.boot.test.autoconfigure.web.client.MockRestServiceServerResetTestExecutionListener, org.springframework.boot.test.autoconfigure.web.servlet.MockMvcPrintOnlyOnFailureTestExecutionListener, org.springframework.boot.test.autoconfigure.web.servlet.WebDriverTestExecutionListener, org.springframework.boot.test.mock.mockito.MockitoTestExecutionListener, org.springframework.boot.test.mock.mockito.ResetMocksTestExecutionListener, org.springframework.test.context.web.ServletTestExecutionListener, org.springframework.test.context.support.DirtiesContextBeforeModesTestExecutionListener, org.springframework.test.context.support.DependencyInjectionTestExecutionListener, org.springframework.test.context.support.DirtiesContextTestExecutionListener, org.springframework.test.context.transaction.TransactionalTestExecutionListener, org.springframework.test.context.jdbc.SqlScriptsTestExecutionListener]
2020-08-31 19:40:57.266  INFO 22112 --- [    Test worker] .b.t.a.w.s.WebMvcTestContextBootstrapper : Using TestExecutionListeners: [org.springframework.test.context.web.ServletTestExecutionListener@d687c4a, org.springframework.test.context.support.DirtiesContextBeforeModesTestExecutionListener@12d9d2a2, org.springframework.boot.test.mock.mockito.MockitoTestExecutionListener@15412a3d, org.springframework.boot.test.autoconfigure.SpringBootDependencyInjectionTestExecutionListener@26dfc639, org.springframework.test.context.support.DirtiesContextTestExecutionListener@689b7484, org.springframework.test.context.transaction.TransactionalTestExecutionListener@340bf7f7, org.springframework.test.context.jdbc.SqlScriptsTestExecutionListener@28073389, org.springframework.security.test.context.support.WithSecurityContextTestExecutionListener@70b1c6be, org.springframework.security.test.context.support.ReactorContextTestExecutionListener@433db378, org.springframework.boot.test.autoconfigure.restdocs.RestDocsTestExecutionListener@286240a7, org.springframework.boot.test.autoconfigure.web.client.MockRestServiceServerResetTestExecutionListener@3968b559, org.springframework.boot.test.autoconfigure.web.servlet.MockMvcPrintOnlyOnFailureTestExecutionListener@479200fc, org.springframework.boot.test.autoconfigure.web.servlet.WebDriverTestExecutionListener@699add05, org.springframework.boot.test.mock.mockito.ResetMocksTestExecutionListener@5347dfe9]

  .   ____          _            __ _ _
 /\\ / ___'_ __ _ _(_)_ __  __ _ \ \ \ \
( ( )\___ | '_ | '_| | '_ \/ _` | \ \ \ \
 \\/  ___)| |_)| | | | | || (_| |  ) ) ) )
  '  |____| .__|_| |_|_| |_\__, | / / / /
 =========|_|==============|___/=/_/_/_/
 :: Spring Boot ::        (v2.1.7.RELEASE)

2020-08-31 19:40:57.297  INFO 22112 --- [    Test worker] c.m.springboot.web.HelloControllerTest   : Starting HelloControllerTest on DESKTOP-9RD3H0Q with PID 22112 (started by azure in C:\Project\my-webservice)
2020-08-31 19:40:57.298  INFO 22112 --- [    Test worker] c.m.springboot.web.HelloControllerTest   : No active profile set, falling back to default profiles: default
2020-08-31 19:40:57.696  INFO 22112 --- [    Test worker] o.s.s.concurrent.ThreadPoolTaskExecutor  : Initializing ExecutorService 'applicationTaskExecutor'
2020-08-31 19:40:57.725  INFO 22112 --- [    Test worker] o.s.b.a.w.s.WelcomePageHandlerMapping    : Adding welcome page template: index
2020-08-31 19:40:57.918  INFO 22112 --- [    Test worker] .s.s.UserDetailsServiceAutoConfiguration : 

Using generated security password: 5363f28a-f10d-498f-be01-9519dfd9276b

2020-08-31 19:40:58.036  INFO 22112 --- [    Test worker] o.s.s.web.DefaultSecurityFilterChain     : Creating filter chain: any request, [org.springframework.security.web.context.request.async.WebAsyncManagerIntegrationFilter@7113b083, org.springframework.security.web.context.SecurityContextPersistenceFilter@52f121b0, org.springframework.security.web.header.HeaderWriterFilter@467a482a, org.springframework.security.web.csrf.CsrfFilter@2af7974e, org.springframework.security.web.authentication.logout.LogoutFilter@389a0723, org.springframework.security.web.authentication.UsernamePasswordAuthenticationFilter@72571250, org.springframework.security.web.authentication.ui.DefaultLoginPageGeneratingFilter@ea3bb34, org.springframework.security.web.authentication.ui.DefaultLogoutPageGeneratingFilter@5a655d0, org.springframework.security.web.authentication.www.BasicAuthenticationFilter@5d82ce3, org.springframework.security.web.savedrequest.RequestCacheAwareFilter@45a0f355, org.springframework.security.web.servletapi.SecurityContextHolderAwareRequestFilter@518fc8d3, org.springframework.security.web.authentication.AnonymousAuthenticationFilter@415dceb3, org.springframework.security.web.session.SessionManagementFilter@5021fa4c, org.springframework.security.web.access.ExceptionTranslationFilter@2e772635, org.springframework.security.web.access.intercept.FilterSecurityInterceptor@421c6895]
2020-08-31 19:40:58.075  INFO 22112 --- [    Test worker] o.s.b.t.m.w.SpringBootMockServletContext : Initializing Spring TestDispatcherServlet ''
2020-08-31 19:40:58.075  INFO 22112 --- [    Test worker] o.s.t.web.servlet.TestDispatcherServlet  : Initializing Servlet ''
2020-08-31 19:40:58.085  INFO 22112 --- [    Test worker] o.s.t.web.servlet.TestDispatcherServlet  : Completed initialization in 10 ms
2020-08-31 19:40:58.111  INFO 22112 --- [    Test worker] c.m.springboot.web.HelloControllerTest   : Started HelloControllerTest in 0.843 seconds (JVM running for 7.817)
]]></system-out>
  <system-err><![CDATA[]]></system-err>
</testsuite>
