<?xml version="1.0" encoding="UTF-8"?>
<testsuite name="com.minsu.springboot.web.HelloControllerTest" tests="2" skipped="0" failures="0" errors="0" timestamp="2020-08-29T15:51:11" hostname="DESKTOP-9RD3H0Q" time="0.135">
  <properties/>
  <testcase name="hello가_리턴" classname="com.minsu.springboot.web.HelloControllerTest" time="0.056"/>
  <testcase name="helloDto가_리턴" classname="com.minsu.springboot.web.HelloControllerTest" time="0.078"/>
  <system-out><![CDATA[2020-08-30 00:51:11.020  INFO 25388 --- [    Test worker] .b.t.a.w.s.WebMvcTestContextBootstrapper : Neither @ContextConfiguration nor @ContextHierarchy found for test class [com.minsu.springboot.web.HelloControllerTest], using SpringBootContextLoader
2020-08-30 00:51:11.021  INFO 25388 --- [    Test worker] o.s.t.c.support.AbstractContextLoader    : Could not detect default resource locations for test class [com.minsu.springboot.web.HelloControllerTest]: no resource found for suffixes {-context.xml, Context.groovy}.
2020-08-30 00:51:11.021  INFO 25388 --- [    Test worker] t.c.s.AnnotationConfigContextLoaderUtils : Could not detect default configuration classes for test class [com.minsu.springboot.web.HelloControllerTest]: HelloControllerTest does not declare any static, non-private, non-final, nested classes annotated with @Configuration.
2020-08-30 00:51:11.041  INFO 25388 --- [    Test worker] .b.t.c.SpringBootTestContextBootstrapper : Found @SpringBootConfiguration com.minsu.springboot.Application for test class com.minsu.springboot.web.HelloControllerTest
2020-08-30 00:51:11.041  INFO 25388 --- [    Test worker] .b.t.a.w.s.WebMvcTestContextBootstrapper : Loaded default TestExecutionListener class names from location [META-INF/spring.factories]: [org.springframework.security.test.context.support.WithSecurityContextTestExecutionListener, org.springframework.security.test.context.support.ReactorContextTestExecutionListener, org.springframework.boot.test.autoconfigure.restdocs.RestDocsTestExecutionListener, org.springframework.boot.test.autoconfigure.web.client.MockRestServiceServerResetTestExecutionListener, org.springframework.boot.test.autoconfigure.web.servlet.MockMvcPrintOnlyOnFailureTestExecutionListener, org.springframework.boot.test.autoconfigure.web.servlet.WebDriverTestExecutionListener, org.springframework.boot.test.mock.mockito.MockitoTestExecutionListener, org.springframework.boot.test.mock.mockito.ResetMocksTestExecutionListener, org.springframework.test.context.web.ServletTestExecutionListener, org.springframework.test.context.support.DirtiesContextBeforeModesTestExecutionListener, org.springframework.test.context.support.DependencyInjectionTestExecutionListener, org.springframework.test.context.support.DirtiesContextTestExecutionListener, org.springframework.test.context.transaction.TransactionalTestExecutionListener, org.springframework.test.context.jdbc.SqlScriptsTestExecutionListener]
2020-08-30 00:51:11.042  INFO 25388 --- [    Test worker] .b.t.a.w.s.WebMvcTestContextBootstrapper : Using TestExecutionListeners: [org.springframework.test.context.web.ServletTestExecutionListener@54068d1b, org.springframework.test.context.support.DirtiesContextBeforeModesTestExecutionListener@55fc53fc, org.springframework.boot.test.mock.mockito.MockitoTestExecutionListener@6044d59f, org.springframework.boot.test.autoconfigure.SpringBootDependencyInjectionTestExecutionListener@3dd2a842, org.springframework.test.context.support.DirtiesContextTestExecutionListener@5d5c94b6, org.springframework.test.context.transaction.TransactionalTestExecutionListener@6a885f52, org.springframework.test.context.jdbc.SqlScriptsTestExecutionListener@2c2697b1, org.springframework.security.test.context.support.WithSecurityContextTestExecutionListener@41ebacf, org.springframework.security.test.context.support.ReactorContextTestExecutionListener@3dde77de, org.springframework.boot.test.autoconfigure.restdocs.RestDocsTestExecutionListener@1584ddf8, org.springframework.boot.test.autoconfigure.web.client.MockRestServiceServerResetTestExecutionListener@d074be6, org.springframework.boot.test.autoconfigure.web.servlet.MockMvcPrintOnlyOnFailureTestExecutionListener@7cbe504b, org.springframework.boot.test.autoconfigure.web.servlet.WebDriverTestExecutionListener@3290a885, org.springframework.boot.test.mock.mockito.ResetMocksTestExecutionListener@148c832]

  .   ____          _            __ _ _
 /\\ / ___'_ __ _ _(_)_ __  __ _ \ \ \ \
( ( )\___ | '_ | '_| | '_ \/ _` | \ \ \ \
 \\/  ___)| |_)| | | | | || (_| |  ) ) ) )
  '  |____| .__|_| |_|_| |_\__, | / / / /
 =========|_|==============|___/=/_/_/_/
 :: Spring Boot ::        (v2.1.7.RELEASE)

2020-08-30 00:51:11.071  INFO 25388 --- [    Test worker] c.m.springboot.web.HelloControllerTest   : Starting HelloControllerTest on DESKTOP-9RD3H0Q with PID 25388 (started by azure in C:\Project\my-webservice)
2020-08-30 00:51:11.071  INFO 25388 --- [    Test worker] c.m.springboot.web.HelloControllerTest   : No active profile set, falling back to default profiles: default
2020-08-30 00:51:11.445  INFO 25388 --- [    Test worker] o.s.s.concurrent.ThreadPoolTaskExecutor  : Initializing ExecutorService 'applicationTaskExecutor'
2020-08-30 00:51:11.475  INFO 25388 --- [    Test worker] o.s.b.a.w.s.WelcomePageHandlerMapping    : Adding welcome page template: index
2020-08-30 00:51:11.663  INFO 25388 --- [    Test worker] .s.s.UserDetailsServiceAutoConfiguration : 

Using generated security password: 3eed7ebb-6e09-483f-8009-407cc9d47e3b

2020-08-30 00:51:11.777  INFO 25388 --- [    Test worker] o.s.s.web.DefaultSecurityFilterChain     : Creating filter chain: any request, [org.springframework.security.web.context.request.async.WebAsyncManagerIntegrationFilter@1cbd41a8, org.springframework.security.web.context.SecurityContextPersistenceFilter@4c0c894c, org.springframework.security.web.header.HeaderWriterFilter@1733246a, org.springframework.security.web.csrf.CsrfFilter@2d464bdc, org.springframework.security.web.authentication.logout.LogoutFilter@39a1f64b, org.springframework.security.web.authentication.UsernamePasswordAuthenticationFilter@62cb27f0, org.springframework.security.web.authentication.ui.DefaultLoginPageGeneratingFilter@6cc2d36f, org.springframework.security.web.authentication.ui.DefaultLogoutPageGeneratingFilter@22ee3a6d, org.springframework.security.web.authentication.www.BasicAuthenticationFilter@3848ee70, org.springframework.security.web.savedrequest.RequestCacheAwareFilter@4e6bf014, org.springframework.security.web.servletapi.SecurityContextHolderAwareRequestFilter@40f58dc7, org.springframework.security.web.authentication.AnonymousAuthenticationFilter@5daa7b2e, org.springframework.security.web.session.SessionManagementFilter@8b495fb, org.springframework.security.web.access.ExceptionTranslationFilter@7d4ff54c, org.springframework.security.web.access.intercept.FilterSecurityInterceptor@310765b0]
2020-08-30 00:51:11.815  INFO 25388 --- [    Test worker] o.s.b.t.m.w.SpringBootMockServletContext : Initializing Spring TestDispatcherServlet ''
2020-08-30 00:51:11.815  INFO 25388 --- [    Test worker] o.s.t.web.servlet.TestDispatcherServlet  : Initializing Servlet ''
2020-08-30 00:51:11.826  INFO 25388 --- [    Test worker] o.s.t.web.servlet.TestDispatcherServlet  : Completed initialization in 11 ms
2020-08-30 00:51:11.849  INFO 25388 --- [    Test worker] c.m.springboot.web.HelloControllerTest   : Started HelloControllerTest in 0.806 seconds (JVM running for 7.583)
]]></system-out>
  <system-err><![CDATA[]]></system-err>
</testsuite>
