<?xml version="1.0" encoding="UTF-8"?>
<testsuite name="com.minsu.springboot.web.IndexControllerTest" tests="1" skipped="0" failures="0" errors="0" timestamp="2020-08-30T15:55:51" hostname="DESKTOP-9RD3H0Q" time="0.31">
  <properties/>
  <testcase name="메인페이지_로딩" classname="com.minsu.springboot.web.IndexControllerTest" time="0.31"/>
  <system-out><![CDATA[00:55:45.503 [Test worker] DEBUG org.springframework.test.context.junit4.SpringJUnit4ClassRunner - SpringJUnit4ClassRunner constructor called with [class com.minsu.springboot.web.IndexControllerTest]
00:55:45.509 [Test worker] DEBUG org.springframework.test.context.BootstrapUtils - Instantiating CacheAwareContextLoaderDelegate from class [org.springframework.test.context.cache.DefaultCacheAwareContextLoaderDelegate]
00:55:45.516 [Test worker] DEBUG org.springframework.test.context.BootstrapUtils - Instantiating BootstrapContext using constructor [public org.springframework.test.context.support.DefaultBootstrapContext(java.lang.Class,org.springframework.test.context.CacheAwareContextLoaderDelegate)]
00:55:45.530 [Test worker] DEBUG org.springframework.test.context.BootstrapUtils - Instantiating TestContextBootstrapper for test class [com.minsu.springboot.web.IndexControllerTest] from class [org.springframework.boot.test.context.SpringBootTestContextBootstrapper]
00:55:45.542 [Test worker] INFO org.springframework.boot.test.context.SpringBootTestContextBootstrapper - Neither @ContextConfiguration nor @ContextHierarchy found for test class [com.minsu.springboot.web.IndexControllerTest], using SpringBootContextLoader
00:55:45.545 [Test worker] DEBUG org.springframework.test.context.support.AbstractContextLoader - Did not detect default resource location for test class [com.minsu.springboot.web.IndexControllerTest]: class path resource [com/minsu/springboot/web/IndexControllerTest-context.xml] does not exist
00:55:45.545 [Test worker] DEBUG org.springframework.test.context.support.AbstractContextLoader - Did not detect default resource location for test class [com.minsu.springboot.web.IndexControllerTest]: class path resource [com/minsu/springboot/web/IndexControllerTestContext.groovy] does not exist
00:55:45.545 [Test worker] INFO org.springframework.test.context.support.AbstractContextLoader - Could not detect default resource locations for test class [com.minsu.springboot.web.IndexControllerTest]: no resource found for suffixes {-context.xml, Context.groovy}.
00:55:45.546 [Test worker] INFO org.springframework.test.context.support.AnnotationConfigContextLoaderUtils - Could not detect default configuration classes for test class [com.minsu.springboot.web.IndexControllerTest]: IndexControllerTest does not declare any static, non-private, non-final, nested classes annotated with @Configuration.
00:55:45.580 [Test worker] DEBUG org.springframework.test.context.support.ActiveProfilesUtils - Could not find an 'annotation declaring class' for annotation type [org.springframework.test.context.ActiveProfiles] and class [com.minsu.springboot.web.IndexControllerTest]
00:55:45.665 [Test worker] DEBUG org.springframework.context.annotation.ClassPathScanningCandidateComponentProvider - Identified candidate component class: file [C:\Project\my-webservice\build\classes\java\main\com\minsu\springboot\Application.class]
00:55:45.667 [Test worker] INFO org.springframework.boot.test.context.SpringBootTestContextBootstrapper - Found @SpringBootConfiguration com.minsu.springboot.Application for test class com.minsu.springboot.web.IndexControllerTest
00:55:45.755 [Test worker] DEBUG org.springframework.boot.test.context.SpringBootTestContextBootstrapper - @TestExecutionListeners is not present for class [com.minsu.springboot.web.IndexControllerTest]: using defaults.
00:55:45.756 [Test worker] INFO org.springframework.boot.test.context.SpringBootTestContextBootstrapper - Loaded default TestExecutionListener class names from location [META-INF/spring.factories]: [org.springframework.security.test.context.support.WithSecurityContextTestExecutionListener, org.springframework.security.test.context.support.ReactorContextTestExecutionListener, org.springframework.boot.test.autoconfigure.restdocs.RestDocsTestExecutionListener, org.springframework.boot.test.autoconfigure.web.client.MockRestServiceServerResetTestExecutionListener, org.springframework.boot.test.autoconfigure.web.servlet.MockMvcPrintOnlyOnFailureTestExecutionListener, org.springframework.boot.test.autoconfigure.web.servlet.WebDriverTestExecutionListener, org.springframework.boot.test.mock.mockito.MockitoTestExecutionListener, org.springframework.boot.test.mock.mockito.ResetMocksTestExecutionListener, org.springframework.test.context.web.ServletTestExecutionListener, org.springframework.test.context.support.DirtiesContextBeforeModesTestExecutionListener, org.springframework.test.context.support.DependencyInjectionTestExecutionListener, org.springframework.test.context.support.DirtiesContextTestExecutionListener, org.springframework.test.context.transaction.TransactionalTestExecutionListener, org.springframework.test.context.jdbc.SqlScriptsTestExecutionListener]
00:55:45.775 [Test worker] INFO org.springframework.boot.test.context.SpringBootTestContextBootstrapper - Using TestExecutionListeners: [org.springframework.test.context.web.ServletTestExecutionListener@1a0890b9, org.springframework.test.context.support.DirtiesContextBeforeModesTestExecutionListener@b6970ec, org.springframework.boot.test.mock.mockito.MockitoTestExecutionListener@1ad147d4, org.springframework.boot.test.autoconfigure.SpringBootDependencyInjectionTestExecutionListener@2e99e413, org.springframework.test.context.support.DirtiesContextTestExecutionListener@70ca2421, org.springframework.test.context.transaction.TransactionalTestExecutionListener@3064d4c4, org.springframework.test.context.jdbc.SqlScriptsTestExecutionListener@209bdafb, org.springframework.security.test.context.support.WithSecurityContextTestExecutionListener@41431b87, org.springframework.security.test.context.support.ReactorContextTestExecutionListener@6089d4a2, org.springframework.boot.test.autoconfigure.restdocs.RestDocsTestExecutionListener@765dee83, org.springframework.boot.test.autoconfigure.web.client.MockRestServiceServerResetTestExecutionListener@8efaeb1, org.springframework.boot.test.autoconfigure.web.servlet.MockMvcPrintOnlyOnFailureTestExecutionListener@51290308, org.springframework.boot.test.autoconfigure.web.servlet.WebDriverTestExecutionListener@7f2bf14b, org.springframework.boot.test.mock.mockito.ResetMocksTestExecutionListener@669b31db]
00:55:45.777 [Test worker] DEBUG org.springframework.test.annotation.ProfileValueUtils - Retrieved @ProfileValueSourceConfiguration [null] for test class [com.minsu.springboot.web.IndexControllerTest]
00:55:45.778 [Test worker] DEBUG org.springframework.test.annotation.ProfileValueUtils - Retrieved ProfileValueSource type [class org.springframework.test.annotation.SystemProfileValueSource] for class [com.minsu.springboot.web.IndexControllerTest]
00:55:45.778 [Test worker] DEBUG org.springframework.test.annotation.ProfileValueUtils - Retrieved @ProfileValueSourceConfiguration [null] for test class [com.minsu.springboot.web.IndexControllerTest]
00:55:45.778 [Test worker] DEBUG org.springframework.test.annotation.ProfileValueUtils - Retrieved ProfileValueSource type [class org.springframework.test.annotation.SystemProfileValueSource] for class [com.minsu.springboot.web.IndexControllerTest]
00:55:45.782 [Test worker] DEBUG org.springframework.test.context.support.AbstractDirtiesContextTestExecutionListener - Before test class: context [DefaultTestContext@58041a49 testClass = IndexControllerTest, testInstance = [null], testMethod = [null], testException = [null], mergedContextConfiguration = [WebMergedContextConfiguration@6d317310 testClass = IndexControllerTest, locations = '{}', classes = '{class com.minsu.springboot.Application}', contextInitializerClasses = '[]', activeProfiles = '{}', propertySourceLocations = '{}', propertySourceProperties = '{org.springframework.boot.test.context.SpringBootTestContextBootstrapper=true, server.port=0}', contextCustomizers = set[org.springframework.boot.test.autoconfigure.properties.PropertyMappingContextCustomizer@0, org.springframework.boot.test.autoconfigure.web.servlet.WebDriverContextCustomizerFactory$Customizer@24dfec6e, org.springframework.boot.test.context.filter.ExcludeFilterContextCustomizer@388b1620, org.springframework.boot.test.json.DuplicateJsonObjectContextCustomizerFactory$DuplicateJsonObjectContextCustomizer@1cb95236, org.springframework.boot.test.mock.mockito.MockitoContextCustomizer@0, org.springframework.boot.test.web.client.TestRestTemplateContextCustomizer@7b910153], resourceBasePath = 'src/main/webapp', contextLoader = 'org.springframework.boot.test.context.SpringBootContextLoader', parent = [null]], attributes = map['org.springframework.test.context.web.ServletTestExecutionListener.activateListener' -> false]], class annotated with @DirtiesContext [false] with mode [null].
00:55:45.782 [Test worker] DEBUG org.springframework.test.annotation.ProfileValueUtils - Retrieved @ProfileValueSourceConfiguration [null] for test class [com.minsu.springboot.web.IndexControllerTest]
00:55:45.782 [Test worker] DEBUG org.springframework.test.annotation.ProfileValueUtils - Retrieved ProfileValueSource type [class org.springframework.test.annotation.SystemProfileValueSource] for class [com.minsu.springboot.web.IndexControllerTest]
00:55:45.786 [Test worker] DEBUG org.springframework.test.context.support.DependencyInjectionTestExecutionListener - Performing dependency injection for test context [[DefaultTestContext@58041a49 testClass = IndexControllerTest, testInstance = com.minsu.springboot.web.IndexControllerTest@196fdd20, testMethod = [null], testException = [null], mergedContextConfiguration = [WebMergedContextConfiguration@6d317310 testClass = IndexControllerTest, locations = '{}', classes = '{class com.minsu.springboot.Application}', contextInitializerClasses = '[]', activeProfiles = '{}', propertySourceLocations = '{}', propertySourceProperties = '{org.springframework.boot.test.context.SpringBootTestContextBootstrapper=true, server.port=0}', contextCustomizers = set[org.springframework.boot.test.autoconfigure.properties.PropertyMappingContextCustomizer@0, org.springframework.boot.test.autoconfigure.web.servlet.WebDriverContextCustomizerFactory$Customizer@24dfec6e, org.springframework.boot.test.context.filter.ExcludeFilterContextCustomizer@388b1620, org.springframework.boot.test.json.DuplicateJsonObjectContextCustomizerFactory$DuplicateJsonObjectContextCustomizer@1cb95236, org.springframework.boot.test.mock.mockito.MockitoContextCustomizer@0, org.springframework.boot.test.web.client.TestRestTemplateContextCustomizer@7b910153], resourceBasePath = 'src/main/webapp', contextLoader = 'org.springframework.boot.test.context.SpringBootContextLoader', parent = [null]], attributes = map['org.springframework.test.context.web.ServletTestExecutionListener.activateListener' -> false]]].
00:55:45.802 [Test worker] DEBUG org.springframework.test.context.support.TestPropertySourceUtils - Adding inlined properties to environment: {spring.jmx.enabled=false, org.springframework.boot.test.context.SpringBootTestContextBootstrapper=true, server.port=0}

  .   ____          _            __ _ _
 /\\ / ___'_ __ _ _(_)_ __  __ _ \ \ \ \
( ( )\___ | '_ | '_| | '_ \/ _` | \ \ \ \
 \\/  ___)| |_)| | | | | || (_| |  ) ) ) )
  '  |____| .__|_| |_|_| |_\__, | / / / /
 =========|_|==============|___/=/_/_/_/
 :: Spring Boot ::        (v2.1.7.RELEASE)

2020-08-31 00:55:46.008  INFO 21324 --- [    Test worker] c.m.springboot.web.IndexControllerTest   : Starting IndexControllerTest on DESKTOP-9RD3H0Q with PID 21324 (started by azure in C:\Project\my-webservice)
2020-08-31 00:55:46.009  INFO 21324 --- [    Test worker] c.m.springboot.web.IndexControllerTest   : No active profile set, falling back to default profiles: default
2020-08-31 00:55:46.644  INFO 21324 --- [    Test worker] .s.d.r.c.RepositoryConfigurationDelegate : Bootstrapping Spring Data repositories in DEFAULT mode.
2020-08-31 00:55:46.717  INFO 21324 --- [    Test worker] .s.d.r.c.RepositoryConfigurationDelegate : Finished Spring Data repository scanning in 66ms. Found 2 repository interfaces.
2020-08-31 00:55:47.098  INFO 21324 --- [    Test worker] trationDelegate$BeanPostProcessorChecker : Bean 'org.springframework.transaction.annotation.ProxyTransactionManagementConfiguration' of type [org.springframework.transaction.annotation.ProxyTransactionManagementConfiguration$$EnhancerBySpringCGLIB$$acd77c8c] is not eligible for getting processed by all BeanPostProcessors (for example: not eligible for auto-proxying)
2020-08-31 00:55:47.424  INFO 21324 --- [    Test worker] o.s.b.w.embedded.tomcat.TomcatWebServer  : Tomcat initialized with port(s): 0 (http)
2020-08-31 00:55:47.444  INFO 21324 --- [    Test worker] o.apache.catalina.core.StandardService   : Starting service [Tomcat]
2020-08-31 00:55:47.445  INFO 21324 --- [    Test worker] org.apache.catalina.core.StandardEngine  : Starting Servlet engine: [Apache Tomcat/9.0.22]
2020-08-31 00:55:47.574  INFO 21324 --- [    Test worker] o.a.c.c.C.[Tomcat].[localhost].[/]       : Initializing Spring embedded WebApplicationContext
2020-08-31 00:55:47.574  INFO 21324 --- [    Test worker] o.s.web.context.ContextLoader            : Root WebApplicationContext: initialization completed in 1542 ms
2020-08-31 00:55:47.814  INFO 21324 --- [    Test worker] com.zaxxer.hikari.HikariDataSource       : HikariPool-1 - Starting...
2020-08-31 00:55:47.966  INFO 21324 --- [    Test worker] com.zaxxer.hikari.HikariDataSource       : HikariPool-1 - Start completed.
2020-08-31 00:55:48.068  INFO 21324 --- [    Test worker] o.hibernate.jpa.internal.util.LogHelper  : HHH000204: Processing PersistenceUnitInfo [
	name: default
	...]
2020-08-31 00:55:48.146  INFO 21324 --- [    Test worker] org.hibernate.Version                    : HHH000412: Hibernate Core {5.3.10.Final}
2020-08-31 00:55:48.148  INFO 21324 --- [    Test worker] org.hibernate.cfg.Environment            : HHH000206: hibernate.properties not found
2020-08-31 00:55:48.324  INFO 21324 --- [    Test worker] o.hibernate.annotations.common.Version   : HCANN000001: Hibernate Commons Annotations {5.0.4.Final}
2020-08-31 00:55:48.487  INFO 21324 --- [    Test worker] org.hibernate.dialect.Dialect            : HHH000400: Using dialect: org.hibernate.dialect.MySQL5InnoDBDialect
Hibernate: drop table if exists posts
Hibernate: drop table if exists user
Hibernate: create table posts (id bigint not null auto_increment, created_date datetime, modified_date datetime, author varchar(255), content TEXT not null, title varchar(500) not null, primary key (id)) engine=InnoDB
Hibernate: create table user (id bigint not null auto_increment, email varchar(255) not null, name varchar(255) not null, picture varchar(255), role varchar(255) not null, primary key (id)) engine=InnoDB
2020-08-31 00:55:49.112  INFO 21324 --- [    Test worker] o.h.t.schema.internal.SchemaCreatorImpl  : HHH000476: Executing import script 'org.hibernate.tool.schema.internal.exec.ScriptSourceInputNonExistentImpl@2ad1fa05'
2020-08-31 00:55:49.115  INFO 21324 --- [    Test worker] j.LocalContainerEntityManagerFactoryBean : Initialized JPA EntityManagerFactory for persistence unit 'default'
2020-08-31 00:55:49.859  INFO 21324 --- [    Test worker] o.h.h.i.QueryTranslatorFactoryInitiator  : HHH000397: Using ASTQueryTranslatorFactory
2020-08-31 00:55:50.314  INFO 21324 --- [    Test worker] o.s.s.web.DefaultSecurityFilterChain     : Creating filter chain: any request, [org.springframework.security.web.context.request.async.WebAsyncManagerIntegrationFilter@2925eabe, org.springframework.security.web.context.SecurityContextPersistenceFilter@51ae4fd3, org.springframework.security.web.header.HeaderWriterFilter@e47df6, org.springframework.security.web.authentication.logout.LogoutFilter@2af5d5d4, org.springframework.security.oauth2.client.web.OAuth2AuthorizationRequestRedirectFilter@217f3fb2, org.springframework.security.oauth2.client.web.OAuth2LoginAuthenticationFilter@4672125e, org.springframework.security.web.authentication.ui.DefaultLoginPageGeneratingFilter@55286af6, org.springframework.security.web.authentication.ui.DefaultLogoutPageGeneratingFilter@45edbfdf, org.springframework.security.web.savedrequest.RequestCacheAwareFilter@3a0fa741, org.springframework.security.web.servletapi.SecurityContextHolderAwareRequestFilter@217fd57, org.springframework.security.web.authentication.AnonymousAuthenticationFilter@59c7a761, org.springframework.security.web.session.SessionManagementFilter@6ddc99c9, org.springframework.security.web.access.ExceptionTranslationFilter@2c0610d6, org.springframework.security.web.access.intercept.FilterSecurityInterceptor@2ef58429]
2020-08-31 00:55:50.644  INFO 21324 --- [    Test worker] o.s.s.concurrent.ThreadPoolTaskExecutor  : Initializing ExecutorService 'applicationTaskExecutor'
2020-08-31 00:55:50.695  WARN 21324 --- [    Test worker] aWebConfiguration$JpaWebMvcConfiguration : spring.jpa.open-in-view is enabled by default. Therefore, database queries may be performed during view rendering. Explicitly configure spring.jpa.open-in-view to disable this warning
2020-08-31 00:55:50.747  INFO 21324 --- [    Test worker] o.s.b.a.w.s.WelcomePageHandlerMapping    : Adding welcome page template: index
2020-08-31 00:55:51.101  INFO 21324 --- [    Test worker] s.a.ScheduledAnnotationBeanPostProcessor : No TaskScheduler/ScheduledExecutorService bean found for scheduled processing
2020-08-31 00:55:51.124  INFO 21324 --- [    Test worker] o.s.b.w.embedded.tomcat.TomcatWebServer  : Tomcat started on port(s): 63653 (http) with context path ''
2020-08-31 00:55:51.125  INFO 21324 --- [    Test worker] c.m.springboot.web.IndexControllerTest   : Started IndexControllerTest in 5.322 seconds (JVM running for 6.507)
2020-08-31 00:55:51.259  INFO 21324 --- [o-auto-1-exec-1] o.a.c.c.C.[Tomcat].[localhost].[/]       : Initializing Spring DispatcherServlet 'dispatcherServlet'
2020-08-31 00:55:51.260  INFO 21324 --- [o-auto-1-exec-1] o.s.web.servlet.DispatcherServlet        : Initializing Servlet 'dispatcherServlet'
2020-08-31 00:55:51.280  INFO 21324 --- [o-auto-1-exec-1] o.s.web.servlet.DispatcherServlet        : Completed initialization in 20 ms
Hibernate: select posts0_.id as id1_0_, posts0_.created_date as created_2_0_, posts0_.modified_date as modified3_0_, posts0_.author as author4_0_, posts0_.content as content5_0_, posts0_.title as title6_0_ from posts posts0_ order by posts0_.id DESC
]]></system-out>
  <system-err><![CDATA[]]></system-err>
</testsuite>
