<?xml version="1.0" encoding="UTF-8"?>
<testsuite name="com.minsu.springboot.web.HelloControllerTest" tests="2" skipped="0" failures="0" errors="0" timestamp="2020-09-09T17:58:37" hostname="DESKTOP-9RD3H0Q" time="0.143">
  <properties/>
  <testcase name="hello가_리턴" classname="com.minsu.springboot.web.HelloControllerTest" time="0.07"/>
  <testcase name="helloDto가_리턴" classname="com.minsu.springboot.web.HelloControllerTest" time="0.073"/>
  <system-out><![CDATA[2020-09-10 02:58:36.241  INFO 26804 --- [    Test worker] .b.t.a.w.s.WebMvcTestContextBootstrapper : Neither @ContextConfiguration nor @ContextHierarchy found for test class [com.minsu.springboot.web.HelloControllerTest], using SpringBootContextLoader
2020-09-10 02:58:36.242  INFO 26804 --- [    Test worker] o.s.t.c.support.AbstractContextLoader    : Could not detect default resource locations for test class [com.minsu.springboot.web.HelloControllerTest]: no resource found for suffixes {-context.xml, Context.groovy}.
2020-09-10 02:58:36.242  INFO 26804 --- [    Test worker] t.c.s.AnnotationConfigContextLoaderUtils : Could not detect default configuration classes for test class [com.minsu.springboot.web.HelloControllerTest]: HelloControllerTest does not declare any static, non-private, non-final, nested classes annotated with @Configuration.
2020-09-10 02:58:36.263  INFO 26804 --- [    Test worker] .b.t.c.SpringBootTestContextBootstrapper : Found @SpringBootConfiguration com.minsu.springboot.Application for test class com.minsu.springboot.web.HelloControllerTest
2020-09-10 02:58:36.263  INFO 26804 --- [    Test worker] .b.t.a.w.s.WebMvcTestContextBootstrapper : Loaded default TestExecutionListener class names from location [META-INF/spring.factories]: [org.springframework.security.test.context.support.WithSecurityContextTestExecutionListener, org.springframework.security.test.context.support.ReactorContextTestExecutionListener, org.springframework.boot.test.autoconfigure.restdocs.RestDocsTestExecutionListener, org.springframework.boot.test.autoconfigure.web.client.MockRestServiceServerResetTestExecutionListener, org.springframework.boot.test.autoconfigure.web.servlet.MockMvcPrintOnlyOnFailureTestExecutionListener, org.springframework.boot.test.autoconfigure.web.servlet.WebDriverTestExecutionListener, org.springframework.boot.test.mock.mockito.MockitoTestExecutionListener, org.springframework.boot.test.mock.mockito.ResetMocksTestExecutionListener, org.springframework.test.context.web.ServletTestExecutionListener, org.springframework.test.context.support.DirtiesContextBeforeModesTestExecutionListener, org.springframework.test.context.support.DependencyInjectionTestExecutionListener, org.springframework.test.context.support.DirtiesContextTestExecutionListener, org.springframework.test.context.transaction.TransactionalTestExecutionListener, org.springframework.test.context.jdbc.SqlScriptsTestExecutionListener]
2020-09-10 02:58:36.264  INFO 26804 --- [    Test worker] .b.t.a.w.s.WebMvcTestContextBootstrapper : Using TestExecutionListeners: [org.springframework.test.context.web.ServletTestExecutionListener@4838ca82, org.springframework.test.context.support.DirtiesContextBeforeModesTestExecutionListener@414af3d8, org.springframework.boot.test.mock.mockito.MockitoTestExecutionListener@578167a1, org.springframework.boot.test.autoconfigure.SpringBootDependencyInjectionTestExecutionListener@6c9cf1ed, org.springframework.test.context.support.DirtiesContextTestExecutionListener@62fe4a26, org.springframework.test.context.transaction.TransactionalTestExecutionListener@743ca192, org.springframework.test.context.jdbc.SqlScriptsTestExecutionListener@28dc7cdb, org.springframework.security.test.context.support.WithSecurityContextTestExecutionListener@2344f3b4, org.springframework.security.test.context.support.ReactorContextTestExecutionListener@337b3280, org.springframework.boot.test.autoconfigure.restdocs.RestDocsTestExecutionListener@22da354c, org.springframework.boot.test.autoconfigure.web.client.MockRestServiceServerResetTestExecutionListener@692bbf68, org.springframework.boot.test.autoconfigure.web.servlet.MockMvcPrintOnlyOnFailureTestExecutionListener@6d7638aa, org.springframework.boot.test.autoconfigure.web.servlet.WebDriverTestExecutionListener@773f8b6, org.springframework.boot.test.mock.mockito.ResetMocksTestExecutionListener@7470dd41]

  .   ____          _            __ _ _
 /\\ / ___'_ __ _ _(_)_ __  __ _ \ \ \ \
( ( )\___ | '_ | '_| | '_ \/ _` | \ \ \ \
 \\/  ___)| |_)| | | | | || (_| |  ) ) ) )
  '  |____| .__|_| |_|_| |_\__, | / / / /
 =========|_|==============|___/=/_/_/_/
 :: Spring Boot ::        (v2.1.7.RELEASE)

2020-09-10 02:58:36.292  INFO 26804 --- [    Test worker] c.m.springboot.web.HelloControllerTest   : Starting HelloControllerTest on DESKTOP-9RD3H0Q with PID 26804 (started by azure in C:\Project\my-webservice)
2020-09-10 02:58:36.292  INFO 26804 --- [    Test worker] c.m.springboot.web.HelloControllerTest   : No active profile set, falling back to default profiles: default
2020-09-10 02:58:36.685  INFO 26804 --- [    Test worker] o.s.s.concurrent.ThreadPoolTaskExecutor  : Initializing ExecutorService 'applicationTaskExecutor'
2020-09-10 02:58:36.714  INFO 26804 --- [    Test worker] o.s.b.a.w.s.WelcomePageHandlerMapping    : Adding welcome page template: index
2020-09-10 02:58:36.900  INFO 26804 --- [    Test worker] .s.s.UserDetailsServiceAutoConfiguration : 

Using generated security password: ed70c72e-48cd-4bd1-ad70-59f12c333372

2020-09-10 02:58:37.024  INFO 26804 --- [    Test worker] o.s.s.web.DefaultSecurityFilterChain     : Creating filter chain: any request, [org.springframework.security.web.context.request.async.WebAsyncManagerIntegrationFilter@179c4ac8, org.springframework.security.web.context.SecurityContextPersistenceFilter@5b5cbcaf, org.springframework.security.web.header.HeaderWriterFilter@7e746ce1, org.springframework.security.web.csrf.CsrfFilter@1cbd41a8, org.springframework.security.web.authentication.logout.LogoutFilter@65951ac, org.springframework.security.web.authentication.UsernamePasswordAuthenticationFilter@6f574445, org.springframework.security.web.authentication.ui.DefaultLoginPageGeneratingFilter@1657e7b9, org.springframework.security.web.authentication.ui.DefaultLogoutPageGeneratingFilter@a0d084f, org.springframework.security.web.authentication.www.BasicAuthenticationFilter@c91f2c, org.springframework.security.web.savedrequest.RequestCacheAwareFilter@55a1cfe1, org.springframework.security.web.servletapi.SecurityContextHolderAwareRequestFilter@8efa2d0, org.springframework.security.web.authentication.AnonymousAuthenticationFilter@4275465d, org.springframework.security.web.session.SessionManagementFilter@8b2c286, org.springframework.security.web.access.ExceptionTranslationFilter@5daa7b2e, org.springframework.security.web.access.intercept.FilterSecurityInterceptor@1015672a]
2020-09-10 02:58:37.055  INFO 26804 --- [    Test worker] o.s.b.t.m.w.SpringBootMockServletContext : Initializing Spring TestDispatcherServlet ''
2020-09-10 02:58:37.055  INFO 26804 --- [    Test worker] o.s.t.web.servlet.TestDispatcherServlet  : Initializing Servlet ''
2020-09-10 02:58:37.067  INFO 26804 --- [    Test worker] o.s.t.web.servlet.TestDispatcherServlet  : Completed initialization in 11 ms
2020-09-10 02:58:37.092  INFO 26804 --- [    Test worker] c.m.springboot.web.HelloControllerTest   : Started HelloControllerTest in 0.826 seconds (JVM running for 7.619)
]]></system-out>
  <system-err><![CDATA[]]></system-err>
</testsuite>
